This is pdfTeX, Version 3.14159265-2.6-1.40.20 (MiKTeX 2.9.6960 64-bit) (preloaded format=pdflatex 2019.2.27)  6 SEP 2019 22:37
entering extended mode
**./main.tex
(main.tex
LaTeX2e <2018-12-01>
("C:\Program Files\MiKTeX 2.9\tex/latex/base\book.cls"
Document Class: book 2018/09/03 v1.4i Standard LaTeX document class
("C:\Program Files\MiKTeX 2.9\tex/latex/base\bk11.clo"
File: bk11.clo 2018/09/03 v1.4i Standard LaTeX file (size option)
)
\c@part=\count80
\c@chapter=\count81
\c@section=\count82
\c@subsection=\count83
\c@subsubsection=\count84
\c@paragraph=\count85
\c@subparagraph=\count86
\c@figure=\count87
\c@table=\count88
\abovecaptionskip=\skip41
\belowcaptionskip=\skip42
\bibindent=\dimen102
)
("C:\Program Files\MiKTeX 2.9\tex/latex/geometry\geometry.sty"
Package: geometry 2018/04/16 v5.8 Page Geometry

("C:\Program Files\MiKTeX 2.9\tex/latex/graphics\keyval.sty"
Package: keyval 2014/10/28 v1.15 key=value parser (DPC)
\KV@toks@=\toks14
)
("C:\Program Files\MiKTeX 2.9\tex/generic/oberdiek\ifpdf.sty"
Package: ifpdf 2018/09/07 v3.3 Provides the ifpdf switch
)
("C:\Program Files\MiKTeX 2.9\tex/generic/oberdiek\ifvtex.sty"
Package: ifvtex 2016/05/16 v1.6 Detect VTeX and its facilities (HO)
Package ifvtex Info: VTeX not detected.
)
("C:\Program Files\MiKTeX 2.9\tex/generic/ifxetex\ifxetex.sty"
Package: ifxetex 2010/09/12 v0.6 Provides ifxetex conditional
)
\Gm@cnth=\count89
\Gm@cntv=\count90
\c@Gm@tempcnt=\count91
\Gm@bindingoffset=\dimen103
\Gm@wd@mp=\dimen104
\Gm@odd@mp=\dimen105
\Gm@even@mp=\dimen106
\Gm@layoutwidth=\dimen107
\Gm@layoutheight=\dimen108
\Gm@layouthoffset=\dimen109
\Gm@layoutvoffset=\dimen110
\Gm@dimlist=\toks15

("C:\Program Files\MiKTeX 2.9\tex/latex/geometry\geometry.cfg"))
(resources/header.tex
("C:\Program Files\MiKTeX 2.9\tex/latex/graphics\graphicx.sty"
Package: graphicx 2017/06/01 v1.1a Enhanced LaTeX Graphics (DPC,SPQR)

("C:\Program Files\MiKTeX 2.9\tex/latex/graphics\graphics.sty"
Package: graphics 2017/06/25 v1.2c Standard LaTeX Graphics (DPC,SPQR)

("C:\Program Files\MiKTeX 2.9\tex/latex/graphics\trig.sty"
Package: trig 2016/01/03 v1.10 sin cos tan (DPC)
)
("C:\Program Files\MiKTeX 2.9\tex/latex/graphics-cfg\graphics.cfg"
File: graphics.cfg 2016/06/04 v1.11 sample graphics configuration
)
Package graphics Info: Driver file: pdftex.def on input line 99.

("C:\Program Files\MiKTeX 2.9\tex/latex/graphics-def\pdftex.def"
File: pdftex.def 2018/01/08 v1.0l Graphics/color driver for pdftex
))
\Gin@req@height=\dimen111
\Gin@req@width=\dimen112
)
("C:\Program Files\MiKTeX 2.9\tex/latex/float\float.sty"
Package: float 2001/11/08 v1.3d Float enhancements (AL)
\c@float@type=\count92
\float@exts=\toks16
\float@box=\box27
\@float@everytoks=\toks17
\@floatcapt=\box28
)
(C:\Users\r\AppData\Roaming\MiKTeX\2.9\tex/latex/pgf/frontendlayer\tikz.sty
(C:\Users\r\AppData\Roaming\MiKTeX\2.9\tex/latex/pgf/basiclayer\pgf.sty
(C:\Users\r\AppData\Roaming\MiKTeX\2.9\tex/latex/pgf/utilities\pgfrcs.sty
(C:\Users\r\AppData\Roaming\MiKTeX\2.9\tex/generic/pgf/utilities\pgfutil-common
.tex
\pgfutil@everybye=\toks18
\pgfutil@tempdima=\dimen113
\pgfutil@tempdimb=\dimen114

(C:\Users\r\AppData\Roaming\MiKTeX\2.9\tex/generic/pgf/utilities\pgfutil-common
-lists.tex))
(C:\Users\r\AppData\Roaming\MiKTeX\2.9\tex/generic/pgf/utilities\pgfutil-latex.
def
\pgfutil@abb=\box29
 (C:\Users\r\AppData\Roaming\MiKTeX\2.9\tex/latex/ms\everyshi.sty
Package: everyshi 2001/05/15 v3.00 EveryShipout Package (MS)
))
(C:\Users\r\AppData\Roaming\MiKTeX\2.9\tex/generic/pgf/utilities\pgfrcs.code.te
x (C:\Users\r\AppData\Roaming\MiKTeX\2.9\tex/generic/pgf\pgf.revision.tex)
Package: pgfrcs 2019/02/02 v3.1.1 (3.1.1)
))
Package: pgf 2019/02/02 v3.1.1 (3.1.1)

(C:\Users\r\AppData\Roaming\MiKTeX\2.9\tex/latex/pgf/basiclayer\pgfcore.sty
(C:\Users\r\AppData\Roaming\MiKTeX\2.9\tex/latex/pgf/systemlayer\pgfsys.sty
(C:\Users\r\AppData\Roaming\MiKTeX\2.9\tex/generic/pgf/systemlayer\pgfsys.code.
tex
Package: pgfsys 2019/02/02 v3.1.1 (3.1.1)

(C:\Users\r\AppData\Roaming\MiKTeX\2.9\tex/generic/pgf/utilities\pgfkeys.code.t
ex
\pgfkeys@pathtoks=\toks19
\pgfkeys@temptoks=\toks20

(C:\Users\r\AppData\Roaming\MiKTeX\2.9\tex/generic/pgf/utilities\pgfkeysfiltere
d.code.tex
\pgfkeys@tmptoks=\toks21
))
\pgf@x=\dimen115
\pgf@y=\dimen116
\pgf@xa=\dimen117
\pgf@ya=\dimen118
\pgf@xb=\dimen119
\pgf@yb=\dimen120
\pgf@xc=\dimen121
\pgf@yc=\dimen122
\w@pgf@writea=\write3
\r@pgf@reada=\read1
\c@pgf@counta=\count93
\c@pgf@countb=\count94
\c@pgf@countc=\count95
\c@pgf@countd=\count96
\t@pgf@toka=\toks22
\t@pgf@tokb=\toks23
\t@pgf@tokc=\toks24
\pgf@sys@id@count=\count97

(C:\Users\r\AppData\Roaming\MiKTeX\2.9\tex/generic/pgf/systemlayer\pgf.cfg
File: pgf.cfg 2019/02/02 v3.1.1 (3.1.1)
)
Driver file for pgf: pgfsys-pdftex.def

(C:\Users\r\AppData\Roaming\MiKTeX\2.9\tex/generic/pgf/systemlayer\pgfsys-pdfte
x.def
File: pgfsys-pdftex.def 2019/02/02 v3.1.1 (3.1.1)

(C:\Users\r\AppData\Roaming\MiKTeX\2.9\tex/generic/pgf/systemlayer\pgfsys-commo
n-pdf.def
File: pgfsys-common-pdf.def 2019/02/02 v3.1.1 (3.1.1)
)))
(C:\Users\r\AppData\Roaming\MiKTeX\2.9\tex/generic/pgf/systemlayer\pgfsyssoftpa
th.code.tex
File: pgfsyssoftpath.code.tex 2019/02/02 v3.1.1 (3.1.1)
\pgfsyssoftpath@smallbuffer@items=\count98
\pgfsyssoftpath@bigbuffer@items=\count99
)
(C:\Users\r\AppData\Roaming\MiKTeX\2.9\tex/generic/pgf/systemlayer\pgfsysprotoc
ol.code.tex
File: pgfsysprotocol.code.tex 2019/02/02 v3.1.1 (3.1.1)
)) ("C:\Program Files\MiKTeX 2.9\tex/latex/xcolor\xcolor.sty"
Package: xcolor 2016/05/11 v2.12 LaTeX color extensions (UK)

("C:\Program Files\MiKTeX 2.9\tex/latex/graphics-cfg\color.cfg"
File: color.cfg 2016/01/02 v1.6 sample color configuration
)
Package xcolor Info: Driver file: pdftex.def on input line 225.
Package xcolor Info: Model `cmy' substituted by `cmy0' on input line 1348.
Package xcolor Info: Model `hsb' substituted by `rgb' on input line 1352.
Package xcolor Info: Model `RGB' extended on input line 1364.
Package xcolor Info: Model `HTML' substituted by `rgb' on input line 1366.
Package xcolor Info: Model `Hsb' substituted by `hsb' on input line 1367.
Package xcolor Info: Model `tHsb' substituted by `hsb' on input line 1368.
Package xcolor Info: Model `HSB' substituted by `hsb' on input line 1369.
Package xcolor Info: Model `Gray' substituted by `gray' on input line 1370.
Package xcolor Info: Model `wave' substituted by `hsb' on input line 1371.
)
(C:\Users\r\AppData\Roaming\MiKTeX\2.9\tex/generic/pgf/basiclayer\pgfcore.code.
tex
Package: pgfcore 2019/02/02 v3.1.1 (3.1.1)

(C:\Users\r\AppData\Roaming\MiKTeX\2.9\tex/generic/pgf/math\pgfmath.code.tex
(C:\Users\r\AppData\Roaming\MiKTeX\2.9\tex/generic/pgf/math\pgfmathcalc.code.te
x
(C:\Users\r\AppData\Roaming\MiKTeX\2.9\tex/generic/pgf/math\pgfmathutil.code.te
x)
(C:\Users\r\AppData\Roaming\MiKTeX\2.9\tex/generic/pgf/math\pgfmathparser.code.
tex
\pgfmath@dimen=\dimen123
\pgfmath@count=\count100
\pgfmath@box=\box30
\pgfmath@toks=\toks25
\pgfmath@stack@operand=\toks26
\pgfmath@stack@operation=\toks27
)
(C:\Users\r\AppData\Roaming\MiKTeX\2.9\tex/generic/pgf/math\pgfmathfunctions.co
de.tex
(C:\Users\r\AppData\Roaming\MiKTeX\2.9\tex/generic/pgf/math\pgfmathfunctions.ba
sic.code.tex)
(C:\Users\r\AppData\Roaming\MiKTeX\2.9\tex/generic/pgf/math\pgfmathfunctions.tr
igonometric.code.tex)
(C:\Users\r\AppData\Roaming\MiKTeX\2.9\tex/generic/pgf/math\pgfmathfunctions.ra
ndom.code.tex)
(C:\Users\r\AppData\Roaming\MiKTeX\2.9\tex/generic/pgf/math\pgfmathfunctions.co
mparison.code.tex)
(C:\Users\r\AppData\Roaming\MiKTeX\2.9\tex/generic/pgf/math\pgfmathfunctions.ba
se.code.tex)
(C:\Users\r\AppData\Roaming\MiKTeX\2.9\tex/generic/pgf/math\pgfmathfunctions.ro
und.code.tex)
(C:\Users\r\AppData\Roaming\MiKTeX\2.9\tex/generic/pgf/math\pgfmathfunctions.mi
sc.code.tex)
(C:\Users\r\AppData\Roaming\MiKTeX\2.9\tex/generic/pgf/math\pgfmathfunctions.in
tegerarithmetics.code.tex)))
(C:\Users\r\AppData\Roaming\MiKTeX\2.9\tex/generic/pgf/math\pgfmathfloat.code.t
ex
\c@pgfmathroundto@lastzeros=\count101
))
(C:\Users\r\AppData\Roaming\MiKTeX\2.9\tex/generic/pgf/basiclayer\pgfcorepoints
.code.tex
File: pgfcorepoints.code.tex 2019/02/02 v3.1.1 (3.1.1)
\pgf@picminx=\dimen124
\pgf@picmaxx=\dimen125
\pgf@picminy=\dimen126
\pgf@picmaxy=\dimen127
\pgf@pathminx=\dimen128
\pgf@pathmaxx=\dimen129
\pgf@pathminy=\dimen130
\pgf@pathmaxy=\dimen131
\pgf@xx=\dimen132
\pgf@xy=\dimen133
\pgf@yx=\dimen134
\pgf@yy=\dimen135
\pgf@zx=\dimen136
\pgf@zy=\dimen137
)
(C:\Users\r\AppData\Roaming\MiKTeX\2.9\tex/generic/pgf/basiclayer\pgfcorepathco
nstruct.code.tex
File: pgfcorepathconstruct.code.tex 2019/02/02 v3.1.1 (3.1.1)
\pgf@path@lastx=\dimen138
\pgf@path@lasty=\dimen139
)
(C:\Users\r\AppData\Roaming\MiKTeX\2.9\tex/generic/pgf/basiclayer\pgfcorepathus
age.code.tex
File: pgfcorepathusage.code.tex 2019/02/02 v3.1.1 (3.1.1)
\pgf@shorten@end@additional=\dimen140
\pgf@shorten@start@additional=\dimen141
)
(C:\Users\r\AppData\Roaming\MiKTeX\2.9\tex/generic/pgf/basiclayer\pgfcorescopes
.code.tex
File: pgfcorescopes.code.tex 2019/02/02 v3.1.1 (3.1.1)
\pgfpic=\box31
\pgf@hbox=\box32
\pgf@layerbox@main=\box33
\pgf@picture@serial@count=\count102
)
(C:\Users\r\AppData\Roaming\MiKTeX\2.9\tex/generic/pgf/basiclayer\pgfcoregraphi
cstate.code.tex
File: pgfcoregraphicstate.code.tex 2019/02/02 v3.1.1 (3.1.1)
\pgflinewidth=\dimen142
)
(C:\Users\r\AppData\Roaming\MiKTeX\2.9\tex/generic/pgf/basiclayer\pgfcoretransf
ormations.code.tex
File: pgfcoretransformations.code.tex 2019/02/02 v3.1.1 (3.1.1)
\pgf@pt@x=\dimen143
\pgf@pt@y=\dimen144
\pgf@pt@temp=\dimen145
)
(C:\Users\r\AppData\Roaming\MiKTeX\2.9\tex/generic/pgf/basiclayer\pgfcorequick.
code.tex
File: pgfcorequick.code.tex 2019/02/02 v3.1.1 (3.1.1)
)
(C:\Users\r\AppData\Roaming\MiKTeX\2.9\tex/generic/pgf/basiclayer\pgfcoreobject
s.code.tex
File: pgfcoreobjects.code.tex 2019/02/02 v3.1.1 (3.1.1)
)
(C:\Users\r\AppData\Roaming\MiKTeX\2.9\tex/generic/pgf/basiclayer\pgfcorepathpr
ocessing.code.tex
File: pgfcorepathprocessing.code.tex 2019/02/02 v3.1.1 (3.1.1)
)
(C:\Users\r\AppData\Roaming\MiKTeX\2.9\tex/generic/pgf/basiclayer\pgfcorearrows
.code.tex
File: pgfcorearrows.code.tex 2019/02/02 v3.1.1 (3.1.1)
\pgfarrowsep=\dimen146
)
(C:\Users\r\AppData\Roaming\MiKTeX\2.9\tex/generic/pgf/basiclayer\pgfcoreshade.
code.tex
File: pgfcoreshade.code.tex 2019/02/02 v3.1.1 (3.1.1)
\pgf@max=\dimen147
\pgf@sys@shading@range@num=\count103
)
(C:\Users\r\AppData\Roaming\MiKTeX\2.9\tex/generic/pgf/basiclayer\pgfcoreimage.
code.tex
File: pgfcoreimage.code.tex 2019/02/02 v3.1.1 (3.1.1)

(C:\Users\r\AppData\Roaming\MiKTeX\2.9\tex/generic/pgf/basiclayer\pgfcoreextern
al.code.tex
File: pgfcoreexternal.code.tex 2019/02/02 v3.1.1 (3.1.1)
\pgfexternal@startupbox=\box34
))
(C:\Users\r\AppData\Roaming\MiKTeX\2.9\tex/generic/pgf/basiclayer\pgfcorelayers
.code.tex
File: pgfcorelayers.code.tex 2019/02/02 v3.1.1 (3.1.1)
)
(C:\Users\r\AppData\Roaming\MiKTeX\2.9\tex/generic/pgf/basiclayer\pgfcoretransp
arency.code.tex
File: pgfcoretransparency.code.tex 2019/02/02 v3.1.1 (3.1.1)
)
(C:\Users\r\AppData\Roaming\MiKTeX\2.9\tex/generic/pgf/basiclayer\pgfcorepatter
ns.code.tex
File: pgfcorepatterns.code.tex 2019/02/02 v3.1.1 (3.1.1)
)
(C:\Users\r\AppData\Roaming\MiKTeX\2.9\tex/generic/pgf/basiclayer\pgfcorerdf.co
de.tex
File: pgfcorerdf.code.tex 2019/02/02 v3.1.1 (3.1.1)
)))
(C:\Users\r\AppData\Roaming\MiKTeX\2.9\tex/generic/pgf/modules\pgfmoduleshapes.
code.tex
File: pgfmoduleshapes.code.tex 2019/02/02 v3.1.1 (3.1.1)
\pgfnodeparttextbox=\box35
)
(C:\Users\r\AppData\Roaming\MiKTeX\2.9\tex/generic/pgf/modules\pgfmoduleplot.co
de.tex
File: pgfmoduleplot.code.tex 2019/02/02 v3.1.1 (3.1.1)
)
(C:\Users\r\AppData\Roaming\MiKTeX\2.9\tex/latex/pgf/compatibility\pgfcomp-vers
ion-0-65.sty
Package: pgfcomp-version-0-65 2019/02/02 v3.1.1 (3.1.1)
\pgf@nodesepstart=\dimen148
\pgf@nodesepend=\dimen149
)
(C:\Users\r\AppData\Roaming\MiKTeX\2.9\tex/latex/pgf/compatibility\pgfcomp-vers
ion-1-18.sty
Package: pgfcomp-version-1-18 2019/02/02 v3.1.1 (3.1.1)
))
(C:\Users\r\AppData\Roaming\MiKTeX\2.9\tex/latex/pgf/utilities\pgffor.sty
(C:\Users\r\AppData\Roaming\MiKTeX\2.9\tex/latex/pgf/utilities\pgfkeys.sty
(C:\Users\r\AppData\Roaming\MiKTeX\2.9\tex/generic/pgf/utilities\pgfkeys.code.t
ex)) (C:\Users\r\AppData\Roaming\MiKTeX\2.9\tex/latex/pgf/math\pgfmath.sty
(C:\Users\r\AppData\Roaming\MiKTeX\2.9\tex/generic/pgf/math\pgfmath.code.tex))
(C:\Users\r\AppData\Roaming\MiKTeX\2.9\tex/generic/pgf/utilities\pgffor.code.te
x
Package: pgffor 2019/02/02 v3.1.1 (3.1.1)
 (C:\Users\r\AppData\Roaming\MiKTeX\2.9\tex/generic/pgf/math\pgfmath.code.tex)
\pgffor@iter=\dimen150
\pgffor@skip=\dimen151
\pgffor@stack=\toks28
\pgffor@toks=\toks29
))
(C:\Users\r\AppData\Roaming\MiKTeX\2.9\tex/generic/pgf/frontendlayer/tikz\tikz.
code.tex
Package: tikz 2019/02/02 v3.1.1 (3.1.1)

(C:\Users\r\AppData\Roaming\MiKTeX\2.9\tex/generic/pgf/libraries\pgflibraryplot
handlers.code.tex
File: pgflibraryplothandlers.code.tex 2019/02/02 v3.1.1 (3.1.1)
\pgf@plot@mark@count=\count104
\pgfplotmarksize=\dimen152
)
\tikz@lastx=\dimen153
\tikz@lasty=\dimen154
\tikz@lastxsaved=\dimen155
\tikz@lastysaved=\dimen156
\tikzleveldistance=\dimen157
\tikzsiblingdistance=\dimen158
\tikz@figbox=\box36
\tikz@figbox@bg=\box37
\tikz@tempbox=\box38
\tikz@tempbox@bg=\box39
\tikztreelevel=\count105
\tikznumberofchildren=\count106
\tikznumberofcurrentchild=\count107
\tikz@fig@count=\count108

(C:\Users\r\AppData\Roaming\MiKTeX\2.9\tex/generic/pgf/modules\pgfmodulematrix.
code.tex
File: pgfmodulematrix.code.tex 2019/02/02 v3.1.1 (3.1.1)
\pgfmatrixcurrentrow=\count109
\pgfmatrixcurrentcolumn=\count110
\pgf@matrix@numberofcolumns=\count111
)
\tikz@expandcount=\count112

(C:\Users\r\AppData\Roaming\MiKTeX\2.9\tex/generic/pgf/frontendlayer/tikz/libra
ries\tikzlibrarytopaths.code.tex
File: tikzlibrarytopaths.code.tex 2019/02/02 v3.1.1 (3.1.1)
)))
(C:\Users\r\AppData\Roaming\MiKTeX\2.9\tex/generic/pgf/frontendlayer/tikz/libra
ries\tikzlibraryarrows.code.tex
File: tikzlibraryarrows.code.tex 2019/02/02 v3.1.1 (3.1.1)

(C:\Users\r\AppData\Roaming\MiKTeX\2.9\tex/generic/pgf/libraries\pgflibraryarro
ws.code.tex
File: pgflibraryarrows.code.tex 2019/02/02 v3.1.1 (3.1.1)
\arrowsize=\dimen159
))
(C:\Users\r\AppData\Roaming\MiKTeX\2.9\tex/generic/pgf/frontendlayer/tikz/libra
ries\tikzlibraryshapes.code.tex
File: tikzlibraryshapes.code.tex 2019/02/02 v3.1.1 (3.1.1)

(C:\Users\r\AppData\Roaming\MiKTeX\2.9\tex/generic/pgf/frontendlayer/tikz/libra
ries\tikzlibraryshapes.geometric.code.tex
File: tikzlibraryshapes.geometric.code.tex 2019/02/02 v3.1.1 (3.1.1)

(C:\Users\r\AppData\Roaming\MiKTeX\2.9\tex/generic/pgf/libraries/shapes\pgflibr
aryshapes.geometric.code.tex
File: pgflibraryshapes.geometric.code.tex 2019/02/02 v3.1.1 (3.1.1)
))
(C:\Users\r\AppData\Roaming\MiKTeX\2.9\tex/generic/pgf/frontendlayer/tikz/libra
ries\tikzlibraryshapes.misc.code.tex
File: tikzlibraryshapes.misc.code.tex 2019/02/02 v3.1.1 (3.1.1)

(C:\Users\r\AppData\Roaming\MiKTeX\2.9\tex/generic/pgf/libraries/shapes\pgflibr
aryshapes.misc.code.tex
File: pgflibraryshapes.misc.code.tex 2019/02/02 v3.1.1 (3.1.1)
))
(C:\Users\r\AppData\Roaming\MiKTeX\2.9\tex/generic/pgf/frontendlayer/tikz/libra
ries\tikzlibraryshapes.symbols.code.tex
File: tikzlibraryshapes.symbols.code.tex 2019/02/02 v3.1.1 (3.1.1)

(C:\Users\r\AppData\Roaming\MiKTeX\2.9\tex/generic/pgf/libraries/shapes\pgflibr
aryshapes.symbols.code.tex
File: pgflibraryshapes.symbols.code.tex 2019/02/02 v3.1.1 (3.1.1)
))
(C:\Users\r\AppData\Roaming\MiKTeX\2.9\tex/generic/pgf/frontendlayer/tikz/libra
ries\tikzlibraryshapes.arrows.code.tex
File: tikzlibraryshapes.arrows.code.tex 2019/02/02 v3.1.1 (3.1.1)

(C:\Users\r\AppData\Roaming\MiKTeX\2.9\tex/generic/pgf/libraries/shapes\pgflibr
aryshapes.arrows.code.tex
File: pgflibraryshapes.arrows.code.tex 2019/02/02 v3.1.1 (3.1.1)
))
(C:\Users\r\AppData\Roaming\MiKTeX\2.9\tex/generic/pgf/frontendlayer/tikz/libra
ries\tikzlibraryshapes.callouts.code.tex
(C:\Users\r\AppData\Roaming\MiKTeX\2.9\tex/generic/pgf/libraries/shapes\pgflibr
aryshapes.callouts.code.tex))
(C:\Users\r\AppData\Roaming\MiKTeX\2.9\tex/generic/pgf/frontendlayer/tikz/libra
ries\tikzlibraryshapes.multipart.code.tex
File: tikzlibraryshapes.multipart.code.tex 2019/02/02 v3.1.1 (3.1.1)

(C:\Users\r\AppData\Roaming\MiKTeX\2.9\tex/generic/pgf/libraries/shapes\pgflibr
aryshapes.multipart.code.tex
File: pgflibraryshapes.multipart.code.tex 2019/02/02 v3.1.1 (3.1.1)
\pgfnodepartlowerbox=\box40
\pgfnodeparttwobox=\box41
\pgfnodepartthreebox=\box42
\pgfnodepartfourbox=\box43
\pgfnodeparttwentybox=\box44
\pgfnodepartnineteenbox=\box45
\pgfnodeparteighteenbox=\box46
\pgfnodepartseventeenbox=\box47
\pgfnodepartsixteenbox=\box48
\pgfnodepartfifteenbox=\box49
\pgfnodepartfourteenbox=\box50
\pgfnodepartthirteenbox=\box51
\pgfnodeparttwelvebox=\box52
\pgfnodepartelevenbox=\box53
\pgfnodeparttenbox=\box54
\pgfnodepartninebox=\box55
\pgfnodeparteightbox=\box56
\pgfnodepartsevenbox=\box57
\pgfnodepartsixbox=\box58
\pgfnodepartfivebox=\box59
)))
(C:\Users\r\AppData\Roaming\MiKTeX\2.9\tex/generic/pgf/frontendlayer/tikz/libra
ries\tikzlibrarypositioning.code.tex
File: tikzlibrarypositioning.code.tex 2019/02/02 v3.1.1 (3.1.1)
)
(C:\Users\r\AppData\Roaming\MiKTeX\2.9\tex/generic/pgf/frontendlayer/tikz/libra
ries\tikzlibrarydecorations.pathmorphing.code.tex
(C:\Users\r\AppData\Roaming\MiKTeX\2.9\tex/generic/pgf/frontendlayer/tikz/libra
ries\tikzlibrarydecorations.code.tex
(C:\Users\r\AppData\Roaming\MiKTeX\2.9\tex/generic/pgf/modules\pgfmoduledecorat
ions.code.tex
\pgfdecoratedcompleteddistance=\dimen160
\pgfdecoratedremainingdistance=\dimen161
\pgfdecoratedinputsegmentcompleteddistance=\dimen162
\pgfdecoratedinputsegmentremainingdistance=\dimen163
\pgf@decorate@distancetomove=\dimen164
\pgf@decorate@repeatstate=\count113
\pgfdecorationsegmentamplitude=\dimen165
\pgfdecorationsegmentlength=\dimen166
)
\tikz@lib@dec@box=\box60
)
(C:\Users\r\AppData\Roaming\MiKTeX\2.9\tex/generic/pgf/libraries/decorations\pg
flibrarydecorations.pathmorphing.code.tex))
(C:\Users\r\AppData\Roaming\MiKTeX\2.9\tex/generic/pgf/frontendlayer/tikz/libra
ries\tikzlibrarydecorations.markings.code.tex
(C:\Users\r\AppData\Roaming\MiKTeX\2.9\tex/generic/pgf/libraries/decorations\pg
flibrarydecorations.markings.code.tex))
(C:\Users\r\AppData\Roaming\MiKTeX\2.9\tex/generic/pgf/frontendlayer/tikz/libra
ries\tikzlibraryintersections.code.tex
(C:\Users\r\AppData\Roaming\MiKTeX\2.9\tex/generic/pgf/libraries\pgflibraryinte
rsections.code.tex
(C:\Users\r\AppData\Roaming\MiKTeX\2.9\tex/generic/pgf/libraries\pgflibraryfpu.
code.tex)
\pgf@intersect@solutions=\count114
))
(C:\Users\r\AppData\Roaming\MiKTeX\2.9\tex/generic/pgf/frontendlayer/tikz/libra
ries\tikzlibraryquotes.code.tex
File: tikzlibraryquotes.code.tex 2019/02/02 v3.1.1 (3.1.1)
)
(C:\Users\r\AppData\Roaming\MiKTeX\2.9\tex/generic/pgf/frontendlayer/tikz/libra
ries\tikzlibraryangles.code.tex
File: tikzlibraryangles.code.tex 2019/02/02 v3.1.1 (3.1.1)
)
(C:\Users\r\AppData\Roaming\MiKTeX\2.9\tex/generic/pgf/frontendlayer/tikz/libra
ries\tikzlibrarypatterns.code.tex
File: tikzlibrarypatterns.code.tex 2019/02/02 v3.1.1 (3.1.1)

(C:\Users\r\AppData\Roaming\MiKTeX\2.9\tex/generic/pgf/libraries\pgflibrarypatt
erns.code.tex
File: pgflibrarypatterns.code.tex 2019/02/02 v3.1.1 (3.1.1)
))
(C:\Users\r\AppData\Roaming\MiKTeX\2.9\tex/generic/pgf/frontendlayer/tikz/libra
ries/circuits\tikzlibrarycircuits.code.tex
(C:\Users\r\AppData\Roaming\MiKTeX\2.9\tex/generic/pgf/frontendlayer/tikz/libra
ries\tikzlibrarycalc.code.tex
File: tikzlibrarycalc.code.tex 2019/02/02 v3.1.1 (3.1.1)
)
\tikz@lib@circ@count=\count115
\tikzcircuitssizeunit=\dimen167
)
(C:\Users\r\AppData\Roaming\MiKTeX\2.9\tex/generic/pgf/frontendlayer/tikz/libra
ries\tikzlibrarytrees.code.tex
File: tikzlibrarytrees.code.tex 2019/02/02 v3.1.1 (3.1.1)
)
(C:\Users\r\AppData\Roaming\MiKTeX\2.9\tex/generic/pgf/frontendlayer/tikz/libra
ries\tikzlibrarybabel.code.tex
File: tikzlibrarybabel.code.tex 2019/02/02 v3.1.1 (3.1.1)
)
(C:\Users\r\AppData\Roaming\MiKTeX\2.9\tex/generic/pgf/frontendlayer/tikz/libra
ries\tikzlibraryfit.code.tex
File: tikzlibraryfit.code.tex 2019/02/02 v3.1.1 (3.1.1)
)
(C:\Users\r\AppData\Roaming\MiKTeX\2.9\tex/generic/pgf/frontendlayer/tikz/libra
ries\tikzlibrary3d.code.tex
File: tikzlibrary3d.code.tex 2019/02/02 v3.1.1 (3.1.1)
)
(C:\Users\r\AppData\Roaming\MiKTeX\2.9\tex/latex/circuitikz\circuitikz.sty
Package: circuitikz 2017/05/28{} The CircuiTikz circuit drawing package version
 0.8.3

(C:\Users\r\AppData\Roaming\MiKTeX\2.9\tex/generic/circuitikz\pgfcirc.defines.t
ex
\pgf@circ@res@up=\dimen168
\pgf@circ@res@down=\dimen169
\pgf@circ@res@zero=\dimen170
\pgf@circ@res@left=\dimen171
\pgf@circ@res@right=\dimen172
\pgf@circ@res@other=\dimen173
\pgf@circ@res@step=\dimen174
\pgf@circ@res@temp=\dimen175
\pgfstartlinewidth=\dimen176
\pgf@circ@Rlen=\dimen177
)
(C:\Users\r\AppData\Roaming\MiKTeX\2.9\tex/generic/circuitikz\pgfcircutils.tex)

(C:\Users\r\AppData\Roaming\MiKTeX\2.9\tex/generic/circuitikz\pgfcircshapes.tex
)
(C:\Users\r\AppData\Roaming\MiKTeX\2.9\tex/generic/circuitikz\pgfcircmonopoles.
tex)
(C:\Users\r\AppData\Roaming\MiKTeX\2.9\tex/generic/circuitikz\pgfcircbipoles.te
x)
(C:\Users\r\AppData\Roaming\MiKTeX\2.9\tex/generic/circuitikz\pgfcirctripoles.t
ex)
(C:\Users\r\AppData\Roaming\MiKTeX\2.9\tex/generic/circuitikz\pgfcircquadpoles.
tex)
(C:\Users\r\AppData\Roaming\MiKTeX\2.9\tex/generic/circuitikz\pgfcirclabel.tex)

(C:\Users\r\AppData\Roaming\MiKTeX\2.9\tex/generic/circuitikz\pgfcircvoltage.te
x)
(C:\Users\r\AppData\Roaming\MiKTeX\2.9\tex/generic/circuitikz\pgfcirccurrent.te
x)
(C:\Users\r\AppData\Roaming\MiKTeX\2.9\tex/generic/circuitikz\pgfcircflow.tex)
(C:\Users\r\AppData\Roaming\MiKTeX\2.9\tex/generic/circuitikz\pgfcircpath.tex)
(C:\Users\r\AppData\Roaming\MiKTeX\2.9\tex/latex/xstring\xstring.sty
(C:\Users\r\AppData\Roaming\MiKTeX\2.9\tex/generic/xstring\xstring.tex
\integerpart=\count116
\decimalpart=\count117
)
Package: xstring 2019/02/06 v1.83 String manipulations (CT)
)
(C:\Users\r\AppData\Roaming\MiKTeX\2.9\tex/latex/siunitx\siunitx.sty
("C:\Program Files\MiKTeX 2.9\tex/latex/l3kernel\expl3.sty"
Package: expl3 2019-02-15 L3 programming layer (loader) 

("C:\Program Files\MiKTeX 2.9\tex/latex/l3kernel\expl3-code.tex"
Package: expl3 2019-02-15 L3 programming layer (code)
\c_max_int=\count118
\l_tmpa_int=\count119
\l_tmpb_int=\count120
\g_tmpa_int=\count121
\g_tmpb_int=\count122
\g__kernel_prg_map_int=\count123
\c_log_iow=\count124
\l_iow_line_count_int=\count125
\l__iow_line_target_int=\count126
\l__iow_one_indent_int=\count127
\l__iow_indent_int=\count128
\c_zero_dim=\dimen178
\c_max_dim=\dimen179
\l_tmpa_dim=\dimen180
\l_tmpb_dim=\dimen181
\g_tmpa_dim=\dimen182
\g_tmpb_dim=\dimen183
\c_zero_skip=\skip43
\c_max_skip=\skip44
\l_tmpa_skip=\skip45
\l_tmpb_skip=\skip46
\g_tmpa_skip=\skip47
\g_tmpb_skip=\skip48
\c_zero_muskip=\muskip10
\c_max_muskip=\muskip11
\l_tmpa_muskip=\muskip12
\l_tmpb_muskip=\muskip13
\g_tmpa_muskip=\muskip14
\g_tmpb_muskip=\muskip15
\l_keys_choice_int=\count129
\l__intarray_loop_int=\count130
\c__intarray_sp_dim=\dimen184
\g__intarray_font_int=\count131
\c__fp_leading_shift_int=\count132
\c__fp_middle_shift_int=\count133
\c__fp_trailing_shift_int=\count134
\c__fp_big_leading_shift_int=\count135
\c__fp_big_middle_shift_int=\count136
\c__fp_big_trailing_shift_int=\count137
\c__fp_Bigg_leading_shift_int=\count138
\c__fp_Bigg_middle_shift_int=\count139
\c__fp_Bigg_trailing_shift_int=\count140
\c__kernel_randint_max_int=\count141
\g__fp_array_int=\count142
\l__fp_array_loop_int=\count143
\l__sort_length_int=\count144
\l__sort_min_int=\count145
\l__sort_top_int=\count146
\l__sort_max_int=\count147
\l__sort_true_max_int=\count148
\l__sort_block_int=\count149
\l__sort_begin_int=\count150
\l__sort_end_int=\count151
\l__sort_A_int=\count152
\l__sort_B_int=\count153
\l__sort_C_int=\count154
\l__tl_analysis_normal_int=\count155
\l__tl_analysis_index_int=\count156
\l__tl_analysis_nesting_int=\count157
\l__tl_analysis_type_int=\count158
\l__regex_internal_a_int=\count159
\l__regex_internal_b_int=\count160
\l__regex_internal_c_int=\count161
\l__regex_balance_int=\count162
\l__regex_group_level_int=\count163
\l__regex_mode_int=\count164
\c__regex_cs_in_class_mode_int=\count165
\c__regex_cs_mode_int=\count166
\l__regex_catcodes_int=\count167
\l__regex_default_catcodes_int=\count168
\c__regex_catcode_D_int=\count169
\c__regex_catcode_S_int=\count170
\c__regex_catcode_L_int=\count171
\c__regex_catcode_O_int=\count172
\c__regex_catcode_A_int=\count173
\c__regex_all_catcodes_int=\count174
\l__regex_show_lines_int=\count175
\l__regex_min_state_int=\count176
\l__regex_max_state_int=\count177
\l__regex_left_state_int=\count178
\l__regex_right_state_int=\count179
\l__regex_capturing_group_int=\count180
\l__regex_min_pos_int=\count181
\l__regex_max_pos_int=\count182
\l__regex_curr_pos_int=\count183
\l__regex_start_pos_int=\count184
\l__regex_success_pos_int=\count185
\l__regex_curr_char_int=\count186
\l__regex_curr_catcode_int=\count187
\l__regex_last_char_int=\count188
\l__regex_case_changed_char_int=\count189
\l__regex_curr_state_int=\count190
\l__regex_step_int=\count191
\l__regex_min_active_int=\count192
\l__regex_max_active_int=\count193
\l__regex_replacement_csnames_int=\count194
\l__regex_match_count_int=\count195
\l__regex_min_submatch_int=\count196
\l__regex_submatch_int=\count197
\l__regex_zeroth_submatch_int=\count198
\g__regex_trace_regex_int=\count199
\c_empty_box=\box61
\l_tmpa_box=\box62
\l_tmpb_box=\box63
\g_tmpa_box=\box64
\g_tmpb_box=\box65
\l__box_top_dim=\dimen185
\l__box_bottom_dim=\dimen186
\l__box_left_dim=\dimen187
\l__box_right_dim=\dimen188
\l__box_top_new_dim=\dimen189
\l__box_bottom_new_dim=\dimen190
\l__box_left_new_dim=\dimen191
\l__box_right_new_dim=\dimen192
\l__box_internal_box=\box66
\l__coffin_internal_box=\box67
\l__coffin_internal_dim=\dimen193
\l__coffin_offset_x_dim=\dimen194
\l__coffin_offset_y_dim=\dimen195
\l__coffin_x_dim=\dimen196
\l__coffin_y_dim=\dimen197
\l__coffin_x_prime_dim=\dimen198
\l__coffin_y_prime_dim=\dimen199
\c_empty_coffin=\box68
\l__coffin_aligned_coffin=\box69
\l__coffin_aligned_internal_coffin=\box70
\l_tmpa_coffin=\box71
\l_tmpb_coffin=\box72
\g_tmpa_coffin=\box73
\g_tmpb_coffin=\box74
\c__coffin_empty_coffin=\box75
\l__coffin_display_coffin=\box76
\l__coffin_display_coord_coffin=\box77
\l__coffin_display_pole_coffin=\box78
\l__coffin_display_offset_dim=\dimen256
\l__coffin_display_x_dim=\dimen257
\l__coffin_display_y_dim=\dimen258
\g__file_internal_ior=\read2
\l__coffin_bounding_shift_dim=\dimen259
\l__coffin_left_corner_dim=\dimen260
\l__coffin_right_corner_dim=\dimen261
\l__coffin_bottom_corner_dim=\dimen262
\l__coffin_top_corner_dim=\dimen263
\l__coffin_scaled_total_height_dim=\dimen264
\l__coffin_scaled_width_dim=\dimen265
\l__seq_internal_a_int=\count266
\l__seq_internal_b_int=\count267
)
("C:\Program Files\MiKTeX 2.9\tex/latex/l3kernel\l3pdfmode.def"
File: l3pdfmode.def 2019-02-15 v L3 Experimental driver: PDF mode
\l__driver_color_stack_int=\count268
))
("C:\Program Files\MiKTeX 2.9\tex/latex/l3packages/xparse\xparse.sty"
Package: xparse 2018-10-17 L3 Experimental document command parser
\l__xparse_current_arg_int=\count269
\g__xparse_grabber_int=\count270
\l__xparse_m_args_int=\count271
\l__xparse_mandatory_args_int=\count272
\l__xparse_v_nesting_int=\count273
)
Package: siunitx 2018/05/17 v2.7s A comprehensive (SI) units package

("C:\Program Files\MiKTeX 2.9\tex/latex/amsmath\amstext.sty"
Package: amstext 2000/06/29 v2.01 AMS text

("C:\Program Files\MiKTeX 2.9\tex/latex/amsmath\amsgen.sty"
File: amsgen.sty 1999/11/30 v2.0 generic functions
\@emptytoks=\toks30
\ex@=\dimen266
))
("C:\Program Files\MiKTeX 2.9\tex/latex/tools\array.sty"
Package: array 2018/12/30 v2.4k Tabular extension package (FMi)
\col@sep=\dimen267
\ar@mcellbox=\box79
\extrarowheight=\dimen268
\NC@list=\toks31
\extratabsurround=\skip49
\backup@length=\skip50
\ar@cellbox=\box80
)
("C:\Program Files\MiKTeX 2.9\tex/latex/l3packages/l3keys2e\l3keys2e.sty"
Package: l3keys2e 2018-10-17 LaTeX2e option processing using LaTeX3 keys
)
\l__siunitx_tmp_box=\box81
\l__siunitx_tmp_dim=\dimen269
\l__siunitx_tmp_int=\count274
\l__siunitx_number_mantissa_length_int=\count275
\l__siunitx_number_uncert_length_int=\count276
\l__siunitx_round_int=\count277
\l__siunitx_process_decimal_int=\count278
\l__siunitx_process_uncertainty_int=\count279
\l__siunitx_process_fixed_int=\count280
\l__siunitx_process_integer_min_int=\count281
\l__siunitx_process_precision_int=\count282
\l__siunitx_group_min_int=\count283
\l__siunitx_angle_marker_box=\box82
\l__siunitx_angle_unit_box=\box83
\l__siunitx_angle_marker_dim=\dimen270
\l__siunitx_angle_unit_dim=\dimen271
\l__siunitx_unit_int=\count284
\l__siunitx_unit_denominator_int=\count285
\l__siunitx_unit_numerator_int=\count286
\l__siunitx_unit_prefix_int=\count287
\l__siunitx_unit_prefix_base_int=\count288
\l__siunitx_unit_prefix_gram_int=\count289
\l__siunitx_number_product_int=\count290
\c__siunitx_one_fill_skip=\skip51
\l__siunitx_table_unit_align_skip=\skip52
\l__siunitx_table_exponent_dim=\dimen272
\l__siunitx_table_integer_dim=\dimen273
\l__siunitx_table_mantissa_dim=\dimen274
\l__siunitx_table_marker_dim=\dimen275
\l__siunitx_table_result_dim=\dimen276
\l__siunitx_table_uncert_dim=\dimen277
\l__siunitx_table_fill_pre_dim=\dimen278
\l__siunitx_table_fill_post_dim=\dimen279
\l__siunitx_table_fill_mid_dim=\dimen280
\l__siunitx_table_pre_box=\box84
\l__siunitx_table_post_box=\box85
\l__siunitx_table_mantissa_box=\box86
\l__siunitx_table_result_box=\box87
\l__siunitx_table_number_align_skip=\skip53
\l__siunitx_table_text_align_skip=\skip54

(C:\Users\r\AppData\Roaming\MiKTeX\2.9\tex/latex/translator\translator.sty
Package: translator 2018/01/04 v1.12 Easy translation of strings in LaTeX
)))
(C:\Users\r\AppData\Roaming\MiKTeX\2.9\tex/latex/pgfgantt\pgfgantt.sty
Package: pgfgantt 2018/01/10 v5.0 Draw Gantt diagrams with TikZ

(C:\Users\r\AppData\Roaming\MiKTeX\2.9\tex/generic/pgf/frontendlayer/tikz/libra
ries\tikzlibrarybackgrounds.code.tex
File: tikzlibrarybackgrounds.code.tex 2019/02/02 v3.1.1 (3.1.1)
\pgf@layerbox@background=\box88
\pgf@layerboxsaved@background=\box89
)
(C:\Users\r\AppData\Roaming\MiKTeX\2.9\tex/latex/pgf/utilities\pgfcalendar.sty
(C:\Users\r\AppData\Roaming\MiKTeX\2.9\tex/generic/pgf/utilities\pgfcalendar.co
de.tex
File: pgfcalendar.code.tex 2019/02/02 v3.1.1 (3.1.1)
\pgfcalendarcurrentjulian=\count291
))
\gtt@currentline=\count292
\gtt@lasttitleline=\count293
\gtt@currgrid=\count294
\gtt@chartwidth=\count295
\gtt@lasttitleslot=\count296
\gtt@elementid=\count297
\gtt@today@slot=\count298
\gtt@startjulian=\count299
\gtt@endjulian=\count300
\gtt@chartid=\count301
\gtt@vrule@slot=\count302
\gtt@calendar@slots=\count303
\gtt@calendar@weeknumber=\count304
\gtt@calendar@startofweek=\count305
\gtt@left@slot=\count306
\gtt@right@slot=\count307
)
(C:\Users\r\AppData\Roaming\MiKTeX\2.9\tex/latex/pgfplots\pgfplots.sty
(C:\Users\r\AppData\Roaming\MiKTeX\2.9\tex/generic/pgfplots\pgfplots.revision.t
ex)
Package: pgfplots 2018/03/28 v1.16 Data Visualization (1.16)

(C:\Users\r\AppData\Roaming\MiKTeX\2.9\tex/generic/pgfplots\pgfplots.code.tex
(C:\Users\r\AppData\Roaming\MiKTeX\2.9\tex/generic/pgfplots\pgfplotscore.code.t
ex
\t@pgfplots@toka=\toks32
\t@pgfplots@tokb=\toks33
\t@pgfplots@tokc=\toks34
\pgfplots@tmpa=\dimen281
\c@pgfplots@coordindex=\count308
\c@pgfplots@scanlineindex=\count309

(C:\Users\r\AppData\Roaming\MiKTeX\2.9\tex/generic/pgfplots/sys\pgfplotssysgene
ric.code.tex))
(C:\Users\r\AppData\Roaming\MiKTeX\2.9\tex/generic/pgfplots/libs\pgfplotslibrar
y.code.tex)
(C:\Users\r\AppData\Roaming\MiKTeX\2.9\tex/generic/pgfplots/oldpgfcompatib\pgfp
lotsoldpgfsupp_loader.code.tex
Package pgfplots: loading complementary arithmetics for your pgf version...

(C:\Users\r\AppData\Roaming\MiKTeX\2.9\tex/generic/pgfplots/oldpgfcompatib\pgfp
lotsoldpgfsupp_pgflibraryfpu.code.tex)
(C:\Users\r\AppData\Roaming\MiKTeX\2.9\tex/generic/pgfplots/oldpgfcompatib\pgfp
lotsoldpgfsupp_pgfmathfloat.code.tex
\c@pgfmathroundto@lastzeros=\count310
))
(C:\Users\r\AppData\Roaming\MiKTeX\2.9\tex/generic/pgfplots/util\pgfplotsutil.c
ode.tex
(C:\Users\r\AppData\Roaming\MiKTeX\2.9\tex/generic/pgfplots/liststructure\pgfpl
otsliststructure.code.tex)
(C:\Users\r\AppData\Roaming\MiKTeX\2.9\tex/generic/pgfplots/liststructure\pgfpl
otsliststructureext.code.tex)
(C:\Users\r\AppData\Roaming\MiKTeX\2.9\tex/generic/pgfplots/liststructure\pgfpl
otsarray.code.tex
\c@pgfplotsarray@tmp=\count311
)
(C:\Users\r\AppData\Roaming\MiKTeX\2.9\tex/generic/pgfplots/liststructure\pgfpl
otsmatrix.code.tex)
(C:\Users\r\AppData\Roaming\MiKTeX\2.9\tex/generic/pgfplots/numtable\pgfplotsta
bleshared.code.tex
\c@pgfplotstable@counta=\count312
\t@pgfplotstable@a=\toks35
)
(C:\Users\r\AppData\Roaming\MiKTeX\2.9\tex/generic/pgfplots/liststructure\pgfpl
otsdeque.code.tex)
(C:\Users\r\AppData\Roaming\MiKTeX\2.9\tex/generic/pgfplots/util\pgfplotsbinary
.code.tex
(C:\Users\r\AppData\Roaming\MiKTeX\2.9\tex/generic/pgfplots/util\pgfplotsbinary
.data.code.tex))
(C:\Users\r\AppData\Roaming\MiKTeX\2.9\tex/generic/pgfplots/util\pgfplotsutil.v
erb.code.tex)
(C:\Users\r\AppData\Roaming\MiKTeX\2.9\tex/generic/pgfplots/libs\pgflibrarypgfp
lots.surfshading.code.tex
\c@pgfplotslibrarysurf@no=\count313

(C:\Users\r\AppData\Roaming\MiKTeX\2.9\tex/generic/pgfplots/sys\pgflibrarypgfpl
ots.surfshading.pgfsys-pdftex.def)))
(C:\Users\r\AppData\Roaming\MiKTeX\2.9\tex/generic/pgfplots/util\pgfplotscolorm
ap.code.tex
(C:\Users\r\AppData\Roaming\MiKTeX\2.9\tex/generic/pgfplots/util\pgfplotscolor.
code.tex))
(C:\Users\r\AppData\Roaming\MiKTeX\2.9\tex/generic/pgfplots\pgfplotsstackedplot
s.code.tex)
(C:\Users\r\AppData\Roaming\MiKTeX\2.9\tex/generic/pgfplots\pgfplotsplothandler
s.code.tex
(C:\Users\r\AppData\Roaming\MiKTeX\2.9\tex/generic/pgfplots\pgfplotsmeshplothan
dler.code.tex
(C:\Users\r\AppData\Roaming\MiKTeX\2.9\tex/generic/pgfplots\pgfplotsmeshplotima
ge.code.tex)))
(C:\Users\r\AppData\Roaming\MiKTeX\2.9\tex/generic/pgfplots\pgfplots.scaling.co
de.tex)
(C:\Users\r\AppData\Roaming\MiKTeX\2.9\tex/generic/pgfplots\pgfplotscoordproces
sing.code.tex)
(C:\Users\r\AppData\Roaming\MiKTeX\2.9\tex/generic/pgfplots\pgfplots.errorbars.
code.tex)
(C:\Users\r\AppData\Roaming\MiKTeX\2.9\tex/generic/pgfplots\pgfplots.markers.co
de.tex)
(C:\Users\r\AppData\Roaming\MiKTeX\2.9\tex/generic/pgfplots\pgfplotsticks.code.
tex)
(C:\Users\r\AppData\Roaming\MiKTeX\2.9\tex/generic/pgfplots\pgfplots.paths.code
.tex)
(C:\Users\r\AppData\Roaming\MiKTeX\2.9\tex/generic/pgf/frontendlayer/tikz/libra
ries\tikzlibrarydecorations.pathreplacing.code.tex
(C:\Users\r\AppData\Roaming\MiKTeX\2.9\tex/generic/pgf/libraries/decorations\pg
flibrarydecorations.pathreplacing.code.tex))
\pgfplots@numplots=\count314
\pgfplots@xmin@reg=\dimen282
\pgfplots@xmax@reg=\dimen283
\pgfplots@ymin@reg=\dimen284
\pgfplots@ymax@reg=\dimen285
\pgfplots@zmin@reg=\dimen286
\pgfplots@zmax@reg=\dimen287
)
(C:\Users\r\AppData\Roaming\MiKTeX\2.9\tex/generic/pgf/frontendlayer/tikz/libra
ries\tikzlibraryplotmarks.code.tex
File: tikzlibraryplotmarks.code.tex 2019/02/02 v3.1.1 (3.1.1)

(C:\Users\r\AppData\Roaming\MiKTeX\2.9\tex/generic/pgf/libraries\pgflibraryplot
marks.code.tex
File: pgflibraryplotmarks.code.tex 2019/02/02 v3.1.1 (3.1.1)
))) ("C:\Program Files\MiKTeX 2.9\tex/latex/multirow\multirow.sty"
Package: multirow 2019/01/01 v2.4 Span multiple rows of a table
\multirow@colwidth=\skip55
\multirow@cntb=\count315
\multirow@dima=\skip56
\bigstrutjot=\dimen288
) ("C:\Program Files\MiKTeX 2.9\tex/latex/tools\tabularx.sty"
Package: tabularx 2016/02/03 v2.11b `tabularx' package (DPC)
\TX@col@width=\dimen289
\TX@old@table=\dimen290
\TX@old@col=\dimen291
\TX@target=\dimen292
\TX@delta=\dimen293
\TX@cols=\count316
\TX@ftn=\toks36
)
(C:\Users\r\AppData\Roaming\MiKTeX\2.9\tex/latex/booktabs\booktabs.sty
Package: booktabs 2005/04/14 v1.61803 publication quality tables
\heavyrulewidth=\dimen294
\lightrulewidth=\dimen295
\cmidrulewidth=\dimen296
\belowrulesep=\dimen297
\belowbottomsep=\dimen298
\aboverulesep=\dimen299
\abovetopsep=\dimen300
\cmidrulesep=\dimen301
\cmidrulekern=\dimen302
\defaultaddspace=\dimen303
\@cmidla=\count317
\@cmidlb=\count318
\@aboverulesep=\dimen304
\@belowrulesep=\dimen305
\@thisruleclass=\count319
\@lastruleclass=\count320
\@thisrulewidth=\dimen306
)
(C:\Users\r\AppData\Roaming\MiKTeX\2.9\tex/latex/ltablex\ltablex.sty
Package: ltablex 2014/08/13 v1.1 Modified tabularx

("C:\Program Files\MiKTeX 2.9\tex/latex/tools\longtable.sty"
Package: longtable 2014/10/28 v4.11 Multi-page Table package (DPC)+ FMi change
\LTleft=\skip57
\LTright=\skip58
\LTpre=\skip59
\LTpost=\skip60
\LTchunksize=\count321
\LTcapwidth=\dimen307
\LT@head=\box90
\LT@firsthead=\box91
\LT@foot=\box92
\LT@lastfoot=\box93
\LT@cols=\count322
\LT@rows=\count323
\c@LT@tables=\count324
\c@LT@chunks=\count325
\LT@p@ftn=\toks37
))
(C:\Users\r\AppData\Roaming\MiKTeX\2.9\tex/latex/natbib\natbib.sty
Package: natbib 2010/09/13 8.31b (PWD, AO)
\bibhang=\skip61
\bibsep=\skip62
LaTeX Info: Redefining \cite on input line 694.
\c@NAT@ctr=\count326
)
("C:\Program Files\MiKTeX 2.9\tex/latex/hyperref\hyperref.sty"
Package: hyperref 2018/11/30 v6.88e Hypertext links for LaTeX

("C:\Program Files\MiKTeX 2.9\tex/generic/oberdiek\hobsub-hyperref.sty"
Package: hobsub-hyperref 2016/05/16 v1.14 Bundle oberdiek, subset hyperref (HO)


("C:\Program Files\MiKTeX 2.9\tex/generic/oberdiek\hobsub-generic.sty"
Package: hobsub-generic 2016/05/16 v1.14 Bundle oberdiek, subset generic (HO)
Package: hobsub 2016/05/16 v1.14 Construct package bundles (HO)
Package: infwarerr 2016/05/16 v1.4 Providing info/warning/error messages (HO)
Package: ltxcmds 2016/05/16 v1.23 LaTeX kernel commands for general use (HO)
Package: ifluatex 2016/05/16 v1.4 Provides the ifluatex switch (HO)
Package ifluatex Info: LuaTeX not detected.
Package hobsub Info: Skipping package `ifvtex' (already loaded).
Package: intcalc 2016/05/16 v1.2 Expandable calculations with integers (HO)
Package hobsub Info: Skipping package `ifpdf' (already loaded).
Package: etexcmds 2016/05/16 v1.6 Avoid name clashes with e-TeX commands (HO)
Package: kvsetkeys 2016/05/16 v1.17 Key value parser (HO)
Package: kvdefinekeys 2016/05/16 v1.4 Define keys (HO)
Package: pdftexcmds 2018/09/10 v0.29 Utility functions of pdfTeX for LuaTeX (HO
)
Package pdftexcmds Info: LuaTeX not detected.
Package pdftexcmds Info: \pdf@primitive is available.
Package pdftexcmds Info: \pdf@ifprimitive is available.
Package pdftexcmds Info: \pdfdraftmode found.
Package: pdfescape 2016/05/16 v1.14 Implements pdfTeX's escape features (HO)
Package: bigintcalc 2016/05/16 v1.4 Expandable calculations on big integers (HO
)
Package: bitset 2016/05/16 v1.2 Handle bit-vector datatype (HO)
Package: uniquecounter 2016/05/16 v1.3 Provide unlimited unique counter (HO)
)
Package hobsub Info: Skipping package `hobsub' (already loaded).
Package: letltxmacro 2016/05/16 v1.5 Let assignment for LaTeX macros (HO)
Package: hopatch 2016/05/16 v1.3 Wrapper for package hooks (HO)
Package: xcolor-patch 2016/05/16 xcolor patch
Package: atveryend 2016/05/16 v1.9 Hooks at the very end of document (HO)
Package atveryend Info: \enddocument detected (standard20110627).
Package: atbegshi 2016/06/09 v1.18 At begin shipout hook (HO)
Package: refcount 2016/05/16 v3.5 Data extraction from label references (HO)
Package: hycolor 2016/05/16 v1.8 Color options for hyperref/bookmark (HO)
)
("C:\Program Files\MiKTeX 2.9\tex/latex/oberdiek\auxhook.sty"
Package: auxhook 2016/05/16 v1.4 Hooks for auxiliary files (HO)
)
("C:\Program Files\MiKTeX 2.9\tex/latex/oberdiek\kvoptions.sty"
Package: kvoptions 2016/05/16 v3.12 Key value format for package options (HO)
)
\@linkdim=\dimen308
\Hy@linkcounter=\count327
\Hy@pagecounter=\count328

("C:\Program Files\MiKTeX 2.9\tex/latex/hyperref\pd1enc.def"
File: pd1enc.def 2018/11/30 v6.88e Hyperref: PDFDocEncoding definition (HO)
Now handling font encoding PD1 ...
... no UTF-8 mapping file for font encoding PD1
)
\Hy@SavedSpaceFactor=\count329

("C:\Program Files\MiKTeX 2.9\tex/latex/00miktex\hyperref.cfg"
File: hyperref.cfg 2002/06/06 v1.2 hyperref configuration of TeXLive
)
Package hyperref Info: Hyper figures OFF on input line 4519.
Package hyperref Info: Link nesting OFF on input line 4524.
Package hyperref Info: Hyper index ON on input line 4527.
Package hyperref Info: Plain pages OFF on input line 4534.
Package hyperref Info: Backreferencing OFF on input line 4539.
Package hyperref Info: Implicit mode ON; LaTeX internals redefined.
Package hyperref Info: Bookmarks ON on input line 4772.
\c@Hy@tempcnt=\count330

(C:\Users\r\AppData\Roaming\MiKTeX\2.9\tex/latex/url\url.sty
\Urlmuskip=\muskip16
Package: url 2013/09/16  ver 3.4  Verb mode for urls, etc.
)
LaTeX Info: Redefining \url on input line 5125.
\XeTeXLinkMargin=\dimen309
\Fld@menulength=\count331
\Field@Width=\dimen310
\Fld@charsize=\dimen311
Package hyperref Info: Hyper figures OFF on input line 6380.
Package hyperref Info: Link nesting OFF on input line 6385.
Package hyperref Info: Hyper index ON on input line 6388.
Package hyperref Info: backreferencing OFF on input line 6395.
Package hyperref Info: Link coloring OFF on input line 6400.
Package hyperref Info: Link coloring with OCG OFF on input line 6405.
Package hyperref Info: PDF/A mode OFF on input line 6410.
LaTeX Info: Redefining \ref on input line 6450.
LaTeX Info: Redefining \pageref on input line 6454.
\Hy@abspage=\count332
\c@Item=\count333
\c@Hfootnote=\count334
)
Package hyperref Info: Driver (autodetected): hpdftex.

("C:\Program Files\MiKTeX 2.9\tex/latex/hyperref\hpdftex.def"
File: hpdftex.def 2018/11/30 v6.88e Hyperref driver for pdfTeX
\Fld@listcount=\count335
\c@bookmark@seq@number=\count336

("C:\Program Files\MiKTeX 2.9\tex/latex/oberdiek\rerunfilecheck.sty"
Package: rerunfilecheck 2016/05/16 v1.8 Rerun checks for auxiliary files (HO)
Package uniquecounter Info: New unique counter `rerunfilecheck' on input line 2
82.
)
\Hy@SectionHShift=\skip63
)
(C:\Users\r\AppData\Roaming\MiKTeX\2.9\tex/latex/glossaries/base\glossaries.sty
Package: glossaries 2019/01/06 v4.42 (NLCT)
("C:\Program Files\MiKTeX 2.9\tex/latex/base\ifthen.sty"
Package: ifthen 2014/09/29 v1.1c Standard LaTeX ifthen package (DPC)
)
("C:\Program Files\MiKTeX 2.9\tex/latex/xkeyval\xkeyval.sty"
Package: xkeyval 2014/12/03 v2.7a package option processing (HA)

("C:\Program Files\MiKTeX 2.9\tex/generic/xkeyval\xkeyval.tex"
("C:\Program Files\MiKTeX 2.9\tex/generic/xkeyval\xkvutils.tex"
\XKV@toks=\toks38
\XKV@tempa@toks=\toks39
)
\XKV@depth=\count337
File: xkeyval.tex 2014/12/03 v2.7a key=value parser (HA)
))
(C:\Users\r\AppData\Roaming\MiKTeX\2.9\tex/latex/mfirstuc\mfirstuc.sty
Package: mfirstuc 2017/11/14 v2.06 (NLCT)

(C:\Users\r\AppData\Roaming\MiKTeX\2.9\tex/latex/etoolbox\etoolbox.sty
Package: etoolbox 2018/08/19 v2.5f e-TeX tools for LaTeX (JAW)
\etb@tempcnta=\count338
)
\@glsmfirst=\toks40
\@glsmrest=\toks41
)
(C:\Users\r\AppData\Roaming\MiKTeX\2.9\tex/latex/textcase\textcase.sty
Package: textcase 2004/10/07 v0.07 Text only upper/lower case changing (DPC)
)
(C:\Users\r\AppData\Roaming\MiKTeX\2.9\tex/latex/xfor\xfor.sty
Package: xfor 2009/02/05 v1.05 (NLCT)
)
(C:\Users\r\AppData\Roaming\MiKTeX\2.9\tex/latex/datatool\datatool-base.sty
Package: datatool-base 2018/12/07 v2.31 (NLCT)

("C:\Program Files\MiKTeX 2.9\tex/latex/amsmath\amsmath.sty"
Package: amsmath 2018/12/01 v2.17b AMS math features
\@mathmargin=\skip64

For additional information on amsmath, use the `?' option.
("C:\Program Files\MiKTeX 2.9\tex/latex/amsmath\amsbsy.sty"
Package: amsbsy 1999/11/29 v1.2d Bold Symbols
\pmbraise@=\dimen312
)
("C:\Program Files\MiKTeX 2.9\tex/latex/amsmath\amsopn.sty"
Package: amsopn 2016/03/08 v2.02 operator names
)
\inf@bad=\count339
LaTeX Info: Redefining \frac on input line 223.
\uproot@=\count340
\leftroot@=\count341
LaTeX Info: Redefining \overline on input line 385.
\classnum@=\count342
\DOTSCASE@=\count343
LaTeX Info: Redefining \ldots on input line 482.
LaTeX Info: Redefining \dots on input line 485.
LaTeX Info: Redefining \cdots on input line 606.
\Mathstrutbox@=\box94
\strutbox@=\box95
\big@size=\dimen313
LaTeX Font Info:    Redeclaring font encoding OML on input line 729.
LaTeX Font Info:    Redeclaring font encoding OMS on input line 730.
\macc@depth=\count344
\c@MaxMatrixCols=\count345
\dotsspace@=\muskip17
\c@parentequation=\count346
\dspbrk@lvl=\count347
\tag@help=\toks42
\row@=\count348
\column@=\count349
\maxfields@=\count350
\andhelp@=\toks43
\eqnshift@=\dimen314
\alignsep@=\dimen315
\tagshift@=\dimen316
\tagwidth@=\dimen317
\totwidth@=\dimen318
\lineht@=\dimen319
\@envbody=\toks44
\multlinegap=\skip65
\multlinetaggap=\skip66
\mathdisplay@stack=\toks45
LaTeX Info: Redefining \[ on input line 2844.
LaTeX Info: Redefining \] on input line 2845.
)
(C:\Users\r\AppData\Roaming\MiKTeX\2.9\tex/latex/substr\substr.sty
Package: substr 2009/10/20 v1.2 Handle substrings
\c@su@anzahl=\count351
)
(C:\Users\r\AppData\Roaming\MiKTeX\2.9\tex/latex/datatool\datatool-fp.sty
Package: datatool-fp 2018/12/07 v2.31 (NLCT)

(C:\Users\r\AppData\Roaming\MiKTeX\2.9\tex/latex/fp\fp.sty
Package: fp 1995/04/02

`Fixed Point Package', Version 0.8, April 2, 1995 (C) Michael Mehlich
(C:\Users\r\AppData\Roaming\MiKTeX\2.9\tex/latex/fp\defpattern.sty
Package: defpattern 1994/10/12
\actioncount=\count352
)
(C:\Users\r\AppData\Roaming\MiKTeX\2.9\tex/latex/fp\fp-basic.sty
Package: fp-basic 1996/05/13
\FP@xs=\count353
\FP@xia=\count354
\FP@xib=\count355
\FP@xfa=\count356
\FP@xfb=\count357
\FP@rega=\count358
\FP@regb=\count359
\FP@regs=\count360
\FP@times=\count361
)
(C:\Users\r\AppData\Roaming\MiKTeX\2.9\tex/latex/fp\fp-addons.sty
Package: fp-addons 1995/03/15
)
(C:\Users\r\AppData\Roaming\MiKTeX\2.9\tex/latex/fp\fp-snap.sty
Package: fp-snap 1995/04/05
)
(C:\Users\r\AppData\Roaming\MiKTeX\2.9\tex/latex/fp\fp-exp.sty
Package: fp-exp 1995/04/03
)
(C:\Users\r\AppData\Roaming\MiKTeX\2.9\tex/latex/fp\fp-trigo.sty
Package: fp-trigo 1995/04/14
)
(C:\Users\r\AppData\Roaming\MiKTeX\2.9\tex/latex/fp\fp-pas.sty
Package: fp-pas 1994/08/29
)
(C:\Users\r\AppData\Roaming\MiKTeX\2.9\tex/latex/fp\fp-random.sty
Package: fp-random 1995/02/23
\FPseed=\count362
)
(C:\Users\r\AppData\Roaming\MiKTeX\2.9\tex/latex/fp\fp-eqn.sty
Package: fp-eqn 1995/04/03
)
(C:\Users\r\AppData\Roaming\MiKTeX\2.9\tex/latex/fp\fp-upn.sty
Package: fp-upn 1996/10/21
)
(C:\Users\r\AppData\Roaming\MiKTeX\2.9\tex/latex/fp\fp-eval.sty
Package: fp-eval 1995/04/03
)))
\@dtl@toks=\toks46
\@dtl@tmpcount=\count363
\dtl@tmplength=\skip67
\dtl@sortresult=\count364
\@dtl@numgrpsepcount=\count365
\@dtl@datatype=\count366
\dtl@codeA=\count367
\dtl@codeB=\count368
\@dtl@foreach@level=\count369
)
(C:\Users\r\AppData\Roaming\MiKTeX\2.9\tex/latex/glossaries/base\glossaries-com
patible-307.sty
Package: glossaries-compatible-307 2019/01/06 v4.42 (NLCT)
)
(C:\Users\r\AppData\Roaming\MiKTeX\2.9\tex/latex/tracklang\tracklang.sty
Package: tracklang 2018/05/13 v1.3.6 (NLCT) Track Languages

(C:\Users\r\AppData\Roaming\MiKTeX\2.9\tex/generic/tracklang\tracklang.tex))
(C:\Users\r\AppData\Roaming\MiKTeX\2.9\tex/latex/glossaries-english\glossaries-
english.ldf
File: glossaries-english.ldf 2014/11/23 v1.0
)
\gls@level=\count370
\@gls@tmpb=\toks47
\gls@tmplen=\skip68
\glskeylisttok=\toks48
\glslabeltok=\toks49
\glsshorttok=\toks50
\glslongtok=\toks51

(C:\Users\r\AppData\Roaming\MiKTeX\2.9\tex/latex/glossaries/styles\glossary-hyp
ernav.sty
Package: glossary-hypernav 2019/01/06 v4.42 (NLCT)
)
(C:\Users\r\AppData\Roaming\MiKTeX\2.9\tex/latex/glossaries/styles\glossary-lis
t.sty
Package: glossary-list 2019/01/06 v4.42 (NLCT)
\glslistdottedwidth=\skip69
)
(C:\Users\r\AppData\Roaming\MiKTeX\2.9\tex/latex/glossaries/styles\glossary-lon
g.sty
Package: glossary-long 2019/01/06 v4.42 (NLCT)
\glsdescwidth=\skip70
\glspagelistwidth=\skip71
)
(C:\Users\r\AppData\Roaming\MiKTeX\2.9\tex/latex/glossaries/styles\glossary-sup
er.sty
Package: glossary-super 2019/01/06 v4.42 (NLCT)

(C:\Users\r\AppData\Roaming\MiKTeX\2.9\tex/latex/supertabular\supertabular.sty
Package: supertabular 2004/02/20 v4.1e the supertabular environment
\c@tracingst=\count371
\ST@wd=\dimen320
\ST@rightskip=\skip72
\ST@leftskip=\skip73
\ST@parfillskip=\skip74
\ST@pageleft=\dimen321
\ST@headht=\dimen322
\ST@tailht=\dimen323
\ST@pagesofar=\dimen324
\ST@pboxht=\dimen325
\ST@lineht=\dimen326
\ST@stretchht=\dimen327
\ST@prevht=\dimen328
\ST@toadd=\dimen329
\ST@dimen=\dimen330
\ST@pbox=\box96
))
(C:\Users\r\AppData\Roaming\MiKTeX\2.9\tex/latex/glossaries/styles\glossary-tre
e.sty
Package: glossary-tree 2019/01/06 v4.42 (NLCT)
\glstreeindent=\skip75
))
\glswrite=\write4
\glo@main@file=\write5
\openout5 = `main.glo'.

Package glossaries Info: Writing glossary file main.glo on input line 57.
 ("C:\Program Files\MiKTeX 2.9\tex/latex/footmisc\footmisc.sty"
Package: footmisc 2011/06/06 v5.5b a miscellany of footnote facilities
\FN@temptoken=\toks52
\footnotemargin=\dimen331
\c@pp@next@reset=\count372
Package footmisc Info: Declaring symbol style bringhurst on input line 855.
Package footmisc Info: Declaring symbol style chicago on input line 863.
Package footmisc Info: Declaring symbol style wiley on input line 872.
Package footmisc Info: Declaring symbol style lamport-robust on input line 883.

Package footmisc Info: Declaring symbol style lamport* on input line 903.
Package footmisc Info: Declaring symbol style lamport*-robust on input line 924
.
)
("C:\Program Files\MiKTeX 2.9\tex/latex/base\inputenc.sty"
Package: inputenc 2018/08/11 v1.3c Input encoding file
\inpenc@prehook=\toks53
\inpenc@posthook=\toks54
)
("C:\Program Files\MiKTeX 2.9\tex/latex/colortbl\colortbl.sty"
Package: colortbl 2018/12/12 v1.0d Color table columns (DPC)
\everycr=\toks55
\minrowclearance=\skip76
)
("C:\Program Files\MiKTeX 2.9\tex/latex/tools\indentfirst.sty"
Package: indentfirst 1995/11/23 v1.03 Indent first paragraph (DPC)
)
(C:\Users\r\AppData\Roaming\MiKTeX\2.9\tex/generic/genmisc\nth.sty
Package: nth 2002/02/27
)
("C:\Program Files\MiKTeX 2.9\tex/latex/mathtools\mathtools.sty"
Package: mathtools 2018/01/08 v1.21 mathematical typesetting tools

("C:\Program Files\MiKTeX 2.9\tex/latex/tools\calc.sty"
Package: calc 2017/05/25 v4.3 Infix arithmetic (KKT,FJ)
\calc@Acount=\count373
\calc@Bcount=\count374
\calc@Adimen=\dimen332
\calc@Bdimen=\dimen333
\calc@Askip=\skip77
\calc@Bskip=\skip78
LaTeX Info: Redefining \setlength on input line 80.
LaTeX Info: Redefining \addtolength on input line 81.
\calc@Ccount=\count375
\calc@Cskip=\skip79
)
("C:\Program Files\MiKTeX 2.9\tex/latex/mathtools\mhsetup.sty"
Package: mhsetup 2017/03/31 v1.3 programming setup (MH)
)
LaTeX Info: Thecontrolsequence`\('isalreadyrobust on input line 129.
LaTeX Info: Thecontrolsequence`\)'isalreadyrobust on input line 129.
LaTeX Info: Thecontrolsequence`\['isalreadyrobust on input line 129.
LaTeX Info: Thecontrolsequence`\]'isalreadyrobust on input line 129.
\g_MT_multlinerow_int=\count376
\l_MT_multwidth_dim=\dimen334
\origjot=\skip80
\l_MT_shortvdotswithinadjustabove_dim=\dimen335
\l_MT_shortvdotswithinadjustbelow_dim=\dimen336
\l_MT_above_intertext_sep=\dimen337
\l_MT_below_intertext_sep=\dimen338
\l_MT_above_shortintertext_sep=\dimen339
\l_MT_below_shortintertext_sep=\dimen340
)
("C:\Program Files\MiKTeX 2.9\tex/latex/blindtext\blindtext.sty"
Package: blindtext 2012/01/06 V2.0 blindtext-Package

("C:\Program Files\MiKTeX 2.9\tex/latex/tools\xspace.sty"
Package: xspace 2014/10/28 v1.13 Space after command names (DPC,MH)
)
\c@blindtext=\count377
\c@Blindtext=\count378
\c@blind@countparstart=\count379
\blind@countxx=\count380
\blindtext@numBlindtext=\count381
\blind@countyy=\count382
\c@blindlist=\count383
\c@blindlistlevel=\count384
\c@blindlist@level=\count385
\blind@listitem=\count386
\c@blind@listcount=\count387
\c@blind@levelcount=\count388
\blind@mathformula=\count389
\blind@Mathformula=\count390
\c@blind@randomcount=\count391
\c@blind@randommax=\count392
\c@blind@pangramcount=\count393
\c@blind@pangrammax=\count394
)
(C:\Users\r\AppData\Roaming\MiKTeX\2.9\tex/latex/enumitem\enumitem.sty
Package: enumitem 2019/02/04 v3.8 Customized lists
\labelindent=\skip81
\enit@outerparindent=\dimen341
\enit@toks=\toks56
\enit@inbox=\box97
\enit@count@id=\count395
\enitdp@description=\count396
)
("C:\Program Files\MiKTeX 2.9\tex/latex/tools\multicol.sty"
Package: multicol 2018/12/27 v1.8v multicolumn formatting (FMi)
\c@tracingmulticols=\count397
\mult@box=\box98
\multicol@leftmargin=\dimen342
\c@unbalance=\count398
\c@collectmore=\count399
\doublecol@number=\count400
\multicoltolerance=\count401
\multicolpretolerance=\count402
\full@width=\dimen343
\page@free=\dimen344
\premulticols=\dimen345
\postmulticols=\dimen346
\multicolsep=\skip82
\multicolbaselineskip=\skip83
\partial@page=\box99
\last@line=\box100
\maxbalancingoverflow=\dimen347
\mult@rightbox=\box101
\mult@grightbox=\box102
\mult@gfirstbox=\box103
\mult@firstbox=\box104
\@tempa=\box105
\@tempa=\box106
\@tempa=\box107
\@tempa=\box108
\@tempa=\box109
\@tempa=\box110
\@tempa=\box111
\@tempa=\box112
\@tempa=\box113
\@tempa=\box114
\@tempa=\box115
\@tempa=\box116
\@tempa=\box117
\@tempa=\box118
\@tempa=\box119
\@tempa=\box120
\@tempa=\box121
\c@columnbadness=\count403
\c@finalcolumnbadness=\count404
\last@try=\dimen348
\multicolovershoot=\dimen349
\multicolundershoot=\dimen350
\mult@nat@firstbox=\box122
\colbreak@box=\box123
\mc@col@check@num=\count405
)
("C:\Program Files\MiKTeX 2.9\tex/latex/setspace\setspace.sty"
Package: setspace 2011/12/19 v6.7a set line spacing
)
(C:\Users\r\AppData\Roaming\MiKTeX\2.9\tex/latex/fancyhdr\fancyhdr.sty
Package: fancyhdr 2019/01/31 v3.10 Extensive control of page headers and footer
s
\f@nch@headwidth=\skip84
\f@nch@O@elh=\skip85
\f@nch@O@erh=\skip86
\f@nch@O@olh=\skip87
\f@nch@O@orh=\skip88
\f@nch@O@elf=\skip89
\f@nch@O@erf=\skip90
\f@nch@O@olf=\skip91
\f@nch@O@orf=\skip92
)
("C:\Program Files\MiKTeX 2.9\tex/latex/titling\titling.sty"
Package: titling 2009/09/04 v2.1d maketitle typesetting
\thanksmarkwidth=\skip93
\thanksmargin=\skip94
\droptitle=\skip95
)
(C:\Users\r\AppData\Roaming\MiKTeX\2.9\tex/latex/relsize\relsize.sty
Package: relsize 2013/03/29 ver 4.1
)
(C:\Users\r\AppData\Roaming\MiKTeX\2.9\tex/latex/physics\physics.sty
Package: physics 
)
("C:\Program Files\MiKTeX 2.9\tex/latex/framed\framed.sty"
Package: framed 2011/10/22 v 0.96: framed or shaded text with page breaks
\OuterFrameSep=\skip96
\fb@frw=\dimen351
\fb@frh=\dimen352
\FrameRule=\dimen353
\FrameSep=\dimen354
)
("C:\Program Files\MiKTeX 2.9\tex/generic/babel\babel.sty"
Package: babel 2018/11/13 3.27 The Babel package

("C:\Program Files\MiKTeX 2.9\tex/generic/babel\switch.def"
File: switch.def 2018/11/13 3.27 Babel switching mechanism
)
*************************************
* Local config file bblopts.cfg used
*
(C:\Users\r\AppData\Roaming\MiKTeX\2.9\tex/latex/arabi\bblopts.cfg
File: bblopts.cfg 2005/09/08 v0.1 add Arabic and Farsi to "declared" options of
 babel
)
("C:\Program Files\MiKTeX 2.9\tex/latex/babel-english\english.ldf"
Language: english 2017/06/06 v3.3r English support from the babel system

("C:\Program Files\MiKTeX 2.9\tex/generic/babel\babel.def"
File: babel.def 2018/11/13 3.27 Babel common definitions
\babel@savecnt=\count406
\U@D=\dimen355

("C:\Program Files\MiKTeX 2.9\tex/generic/babel\txtbabel.def")
\bbl@dirlevel=\count407
)
\l@canadian = a dialect from \language\l@american 
\l@australian = a dialect from \language\l@british 
\l@newzealand = a dialect from \language\l@british 
))
("C:\Program Files\MiKTeX 2.9\tex/latex/listings\listings.sty"
\lst@mode=\count408
\lst@gtempboxa=\box124
\lst@token=\toks57
\lst@length=\count409
\lst@currlwidth=\dimen356
\lst@column=\count410
\lst@pos=\count411
\lst@lostspace=\dimen357
\lst@width=\dimen358
\lst@newlines=\count412
\lst@lineno=\count413
\lst@maxwidth=\dimen359

("C:\Program Files\MiKTeX 2.9\tex/latex/listings\lstmisc.sty"
File: lstmisc.sty 2018/09/02 1.7 (Carsten Heinz)
\c@lstnumber=\count414
\lst@skipnumbers=\count415
\lst@framebox=\box125
)
("C:\Program Files\MiKTeX 2.9\tex/latex/listings\listings.cfg"
File: listings.cfg 2018/09/02 1.7 listings configuration
))
Package: listings 2018/09/02 1.7 (Carsten Heinz)

(C:\Users\r\AppData\Roaming\MiKTeX\2.9\tex/latex/tocloft\tocloft.sty
Package: tocloft 2017/08/31 v2.3i parameterised ToC, etc., typesetting
Package tocloft Info: The document has chapter divisions on input line 51.
\cftparskip=\skip97
\cftbeforetoctitleskip=\skip98
\cftaftertoctitleskip=\skip99
\cftbeforepartskip=\skip100
\cftpartnumwidth=\skip101
\cftpartindent=\skip102
\cftbeforechapskip=\skip103
\cftchapindent=\skip104
\cftchapnumwidth=\skip105
\cftbeforesecskip=\skip106
\cftsecindent=\skip107
\cftsecnumwidth=\skip108
\cftbeforesubsecskip=\skip109
\cftsubsecindent=\skip110
\cftsubsecnumwidth=\skip111
\cftbeforesubsubsecskip=\skip112
\cftsubsubsecindent=\skip113
\cftsubsubsecnumwidth=\skip114
\cftbeforeparaskip=\skip115
\cftparaindent=\skip116
\cftparanumwidth=\skip117
\cftbeforesubparaskip=\skip118
\cftsubparaindent=\skip119
\cftsubparanumwidth=\skip120
\cftbeforeloftitleskip=\skip121
\cftafterloftitleskip=\skip122
\cftbeforefigskip=\skip123
\cftfigindent=\skip124
\cftfignumwidth=\skip125
\c@lofdepth=\count416
\c@lotdepth=\count417
\cftbeforelottitleskip=\skip126
\cftafterlottitleskip=\skip127
\cftbeforetabskip=\skip128
\cfttabindent=\skip129
\cfttabnumwidth=\skip130
)
("C:\Program Files\MiKTeX 2.9\tex/latex/psnfss\palatino.sty"
Package: palatino 2005/04/12 PSNFSS-v9.2a (SPQR) 
)
("C:\Program Files\MiKTeX 2.9\tex/latex/jknappen\mathrsfs.sty"
Package: mathrsfs 1996/01/01 Math RSFS package v1.0 (jk)
\symrsfs=\mathgroup4
)
("C:\Program Files\MiKTeX 2.9\tex/latex/amsfonts\amsfonts.sty"
Package: amsfonts 2013/01/14 v3.01 Basic AMSFonts support
\symAMSa=\mathgroup5
\symAMSb=\mathgroup6
LaTeX Font Info:    Overwriting math alphabet `\mathfrak' in version `bold'
(Font)                  U/euf/m/n --> U/euf/b/n on input line 106.
)
("C:\Program Files\MiKTeX 2.9\tex/latex/amsfonts\amssymb.sty"
Package: amssymb 2013/01/14 v3.01 AMS font symbols
)
("C:\Program Files\MiKTeX 2.9\tex/latex/base\latexsym.sty"
Package: latexsym 1998/08/17 v2.2e Standard LaTeX package (lasy symbols)
\symlasy=\mathgroup7
LaTeX Font Info:    Overwriting symbol font `lasy' in version `bold'
(Font)                  U/lasy/m/n --> U/lasy/b/n on input line 52.
)
("C:\Program Files\MiKTeX 2.9\tex/latex/base\textcomp.sty"
Package: textcomp 2018/08/11 v2.0j Standard LaTeX package
Package textcomp Info: Sub-encoding information:
(textcomp)               5 = only ISO-Adobe without \textcurrency
(textcomp)               4 = 5 + \texteuro
(textcomp)               3 = 4 + \textohm
(textcomp)               2 = 3 + \textestimated + \textcurrency
(textcomp)               1 = TS1 - \textcircled - \t
(textcomp)               0 = TS1 (full)
(textcomp)             Font families with sub-encoding setting implement
(textcomp)             only a restricted character set as indicated.
(textcomp)             Family '?' is the default used for unknown fonts.
(textcomp)             See the documentation for details.
Package textcomp Info: Setting ? sub-encoding to TS1/1 on input line 79.

("C:\Program Files\MiKTeX 2.9\tex/latex/base\ts1enc.def"
File: ts1enc.def 2001/06/05 v3.0e (jk/car/fm) Standard LaTeX file
Now handling font encoding TS1 ...
... processing UTF-8 mapping file for font encoding TS1

("C:\Program Files\MiKTeX 2.9\tex/latex/base\ts1enc.dfu"
File: ts1enc.dfu 2018/10/05 v1.2f UTF-8 support for inputenc
   defining Unicode char U+00A2 (decimal 162)
   defining Unicode char U+00A3 (decimal 163)
   defining Unicode char U+00A4 (decimal 164)
   defining Unicode char U+00A5 (decimal 165)
   defining Unicode char U+00A6 (decimal 166)
   defining Unicode char U+00A7 (decimal 167)
   defining Unicode char U+00A8 (decimal 168)
   defining Unicode char U+00A9 (decimal 169)
   defining Unicode char U+00AA (decimal 170)
   defining Unicode char U+00AC (decimal 172)
   defining Unicode char U+00AE (decimal 174)
   defining Unicode char U+00AF (decimal 175)
   defining Unicode char U+00B0 (decimal 176)
   defining Unicode char U+00B1 (decimal 177)
   defining Unicode char U+00B2 (decimal 178)
   defining Unicode char U+00B3 (decimal 179)
   defining Unicode char U+00B4 (decimal 180)
   defining Unicode char U+00B5 (decimal 181)
   defining Unicode char U+00B6 (decimal 182)
   defining Unicode char U+00B7 (decimal 183)
   defining Unicode char U+00B9 (decimal 185)
   defining Unicode char U+00BA (decimal 186)
   defining Unicode char U+00BC (decimal 188)
   defining Unicode char U+00BD (decimal 189)
   defining Unicode char U+00BE (decimal 190)
   defining Unicode char U+00D7 (decimal 215)
   defining Unicode char U+00F7 (decimal 247)
   defining Unicode char U+0192 (decimal 402)
   defining Unicode char U+02C7 (decimal 711)
   defining Unicode char U+02D8 (decimal 728)
   defining Unicode char U+02DD (decimal 733)
   defining Unicode char U+0E3F (decimal 3647)
   defining Unicode char U+2016 (decimal 8214)
   defining Unicode char U+2020 (decimal 8224)
   defining Unicode char U+2021 (decimal 8225)
   defining Unicode char U+2022 (decimal 8226)
   defining Unicode char U+2030 (decimal 8240)
   defining Unicode char U+2031 (decimal 8241)
   defining Unicode char U+203B (decimal 8251)
   defining Unicode char U+203D (decimal 8253)
   defining Unicode char U+2044 (decimal 8260)
   defining Unicode char U+204E (decimal 8270)
   defining Unicode char U+2052 (decimal 8274)
   defining Unicode char U+20A1 (decimal 8353)
   defining Unicode char U+20A4 (decimal 8356)
   defining Unicode char U+20A6 (decimal 8358)
   defining Unicode char U+20A9 (decimal 8361)
   defining Unicode char U+20AB (decimal 8363)
   defining Unicode char U+20AC (decimal 8364)
   defining Unicode char U+20B1 (decimal 8369)
   defining Unicode char U+2103 (decimal 8451)
   defining Unicode char U+2116 (decimal 8470)
   defining Unicode char U+2117 (decimal 8471)
   defining Unicode char U+211E (decimal 8478)
   defining Unicode char U+2120 (decimal 8480)
   defining Unicode char U+2122 (decimal 8482)
   defining Unicode char U+2126 (decimal 8486)
   defining Unicode char U+2127 (decimal 8487)
   defining Unicode char U+212E (decimal 8494)
   defining Unicode char U+2190 (decimal 8592)
   defining Unicode char U+2191 (decimal 8593)
   defining Unicode char U+2192 (decimal 8594)
   defining Unicode char U+2193 (decimal 8595)
   defining Unicode char U+2329 (decimal 9001)
   defining Unicode char U+232A (decimal 9002)
   defining Unicode char U+2422 (decimal 9250)
   defining Unicode char U+25E6 (decimal 9702)
   defining Unicode char U+25EF (decimal 9711)
   defining Unicode char U+266A (decimal 9834)
   defining Unicode char U+FEFF (decimal 65279)
))
LaTeX Info: Redefining \oldstylenums on input line 334.
Package textcomp Info: Setting cmr sub-encoding to TS1/0 on input line 349.
Package textcomp Info: Setting cmss sub-encoding to TS1/0 on input line 350.
Package textcomp Info: Setting cmtt sub-encoding to TS1/0 on input line 351.
Package textcomp Info: Setting cmvtt sub-encoding to TS1/0 on input line 352.
Package textcomp Info: Setting cmbr sub-encoding to TS1/0 on input line 353.
Package textcomp Info: Setting cmtl sub-encoding to TS1/0 on input line 354.
Package textcomp Info: Setting ccr sub-encoding to TS1/0 on input line 355.
Package textcomp Info: Setting ptm sub-encoding to TS1/4 on input line 356.
Package textcomp Info: Setting pcr sub-encoding to TS1/4 on input line 357.
Package textcomp Info: Setting phv sub-encoding to TS1/4 on input line 358.
Package textcomp Info: Setting ppl sub-encoding to TS1/3 on input line 359.
Package textcomp Info: Setting pag sub-encoding to TS1/4 on input line 360.
Package textcomp Info: Setting pbk sub-encoding to TS1/4 on input line 361.
Package textcomp Info: Setting pnc sub-encoding to TS1/4 on input line 362.
Package textcomp Info: Setting pzc sub-encoding to TS1/4 on input line 363.
Package textcomp Info: Setting bch sub-encoding to TS1/4 on input line 364.
Package textcomp Info: Setting put sub-encoding to TS1/5 on input line 365.
Package textcomp Info: Setting uag sub-encoding to TS1/5 on input line 366.
Package textcomp Info: Setting ugq sub-encoding to TS1/5 on input line 367.
Package textcomp Info: Setting ul8 sub-encoding to TS1/4 on input line 368.
Package textcomp Info: Setting ul9 sub-encoding to TS1/4 on input line 369.
Package textcomp Info: Setting augie sub-encoding to TS1/5 on input line 370.
Package textcomp Info: Setting dayrom sub-encoding to TS1/3 on input line 371.
Package textcomp Info: Setting dayroms sub-encoding to TS1/3 on input line 372.

Package textcomp Info: Setting pxr sub-encoding to TS1/0 on input line 373.
Package textcomp Info: Setting pxss sub-encoding to TS1/0 on input line 374.
Package textcomp Info: Setting pxtt sub-encoding to TS1/0 on input line 375.
Package textcomp Info: Setting txr sub-encoding to TS1/0 on input line 376.
Package textcomp Info: Setting txss sub-encoding to TS1/0 on input line 377.
Package textcomp Info: Setting txtt sub-encoding to TS1/0 on input line 378.
Package textcomp Info: Setting lmr sub-encoding to TS1/0 on input line 379.
Package textcomp Info: Setting lmdh sub-encoding to TS1/0 on input line 380.
Package textcomp Info: Setting lmss sub-encoding to TS1/0 on input line 381.
Package textcomp Info: Setting lmssq sub-encoding to TS1/0 on input line 382.
Package textcomp Info: Setting lmvtt sub-encoding to TS1/0 on input line 383.
Package textcomp Info: Setting lmtt sub-encoding to TS1/0 on input line 384.
Package textcomp Info: Setting qhv sub-encoding to TS1/0 on input line 385.
Package textcomp Info: Setting qag sub-encoding to TS1/0 on input line 386.
Package textcomp Info: Setting qbk sub-encoding to TS1/0 on input line 387.
Package textcomp Info: Setting qcr sub-encoding to TS1/0 on input line 388.
Package textcomp Info: Setting qcs sub-encoding to TS1/0 on input line 389.
Package textcomp Info: Setting qpl sub-encoding to TS1/0 on input line 390.
Package textcomp Info: Setting qtm sub-encoding to TS1/0 on input line 391.
Package textcomp Info: Setting qzc sub-encoding to TS1/0 on input line 392.
Package textcomp Info: Setting qhvc sub-encoding to TS1/0 on input line 393.
Package textcomp Info: Setting futs sub-encoding to TS1/4 on input line 394.
Package textcomp Info: Setting futx sub-encoding to TS1/4 on input line 395.
Package textcomp Info: Setting futj sub-encoding to TS1/4 on input line 396.
Package textcomp Info: Setting hlh sub-encoding to TS1/3 on input line 397.
Package textcomp Info: Setting hls sub-encoding to TS1/3 on input line 398.
Package textcomp Info: Setting hlst sub-encoding to TS1/3 on input line 399.
Package textcomp Info: Setting hlct sub-encoding to TS1/5 on input line 400.
Package textcomp Info: Setting hlx sub-encoding to TS1/5 on input line 401.
Package textcomp Info: Setting hlce sub-encoding to TS1/5 on input line 402.
Package textcomp Info: Setting hlcn sub-encoding to TS1/5 on input line 403.
Package textcomp Info: Setting hlcw sub-encoding to TS1/5 on input line 404.
Package textcomp Info: Setting hlcf sub-encoding to TS1/5 on input line 405.
Package textcomp Info: Setting pplx sub-encoding to TS1/3 on input line 406.
Package textcomp Info: Setting pplj sub-encoding to TS1/3 on input line 407.
Package textcomp Info: Setting ptmx sub-encoding to TS1/4 on input line 408.
Package textcomp Info: Setting ptmj sub-encoding to TS1/4 on input line 409.
)
("C:\Program Files\MiKTeX 2.9\tex/latex/was\gensymb.sty"
Package: gensymb 2003/07/02 v1.0 (WaS)
)
(C:\Users\r\AppData\Roaming\MiKTeX\2.9\tex/latex/mhchem\mhchem.sty
Package: mhchem 2018/06/22 v4.08 for typesetting chemical formulae

("C:\Program Files\MiKTeX 2.9\tex/latex/chemgreek\chemgreek.sty"
Package: chemgreek 2016/12/20 v1.1 interfaceforuprightgreeklettersforuseinchemi
stry (CN)
\l__chemgreek_tmpa_int=\count418
\g__chemgreek_tmpa_int=\count419
)
\l__mhchem_ce_distanceFromLastComma_int=\count420
\__mhchem_arrow_extPgfLength_skip=\skip131
\mhchem@minispace@tmp=\skip132
\mhchem@minibackspace@tmp=\skip133
\mhchem@bondwidth=\skip134
\mhchem@bondheight=\skip135
\mhchem@smallbondwidth@tmpA=\skip136
\mhchem@smallbondwidth@tmpB=\skip137
\mhchem@smallbondwidth=\skip138
\mhchem@bondtmp@minussidebearingleft=\skip139
\mhchem@bondtmp@minussidebearingright=\skip140
\l__mhchem_option_version_int=\count421
\mhchem@option@minusmathsidebearingleft=\dimen360
\mhchem@option@minusmathsidebearingright=\dimen361
\mhchem@option@minustextsidebearingleft=\dimen362
\mhchem@option@minustextsidebearingright=\dimen363
)
(C:\Users\r\AppData\Roaming\MiKTeX\2.9\tex/latex/cancel\cancel.sty
Package: cancel 2013/04/12 v2.2 Cancel math terms
)
("C:\Program Files\MiKTeX 2.9\tex/latex/esint\esint.sty"
Package: esint 
\symlargesymbolsA=\mathgroup8
)
(C:\Users\r\AppData\Roaming\MiKTeX\2.9\tex/latex/breqn\breqn.sty
Package: breqn 2018/09/14 v0.98f Breaking equations

(C:\Users\r\AppData\Roaming\MiKTeX\2.9\tex/latex/breqn\flexisym.sty
Package: flexisym 2017/01/27 v0.98e Make math characters macros
LaTeX Info: Redefining \textprime on input line 300.
LaTeX Info: Redefining \not on input line 358.

(C:\Users\r\AppData\Roaming\MiKTeX\2.9\tex/latex/breqn\cmbase.sym
File: cmbase.sym 2007/12/19 v0.92
LaTeX Info: Redefining \hbar on input line 325.
LaTeX Info: Redefining \surd on input line 327.
LaTeX Info: Redefining \angle on input line 335.
LaTeX Info: Redefining \neq on input line 336.
LaTeX Info: Redefining \mapsto on input line 337.
LaTeX Info: Redefining \cong on input line 338.
LaTeX Info: Redefining \notin on input line 341.
LaTeX Info: Redefining \rightleftharpoons on input line 342.
LaTeX Info: Redefining \doteq on input line 343.
LaTeX Info: Redefining \hookrightarrow on input line 344.
LaTeX Info: Redefining \hookleftarrow on input line 345.
LaTeX Info: Redefining \bowtie on input line 346.
LaTeX Info: Redefining \models on input line 347.
LaTeX Info: Redefining \Longrightarrow on input line 348.
LaTeX Info: Redefining \longrightarrow on input line 349.
LaTeX Info: Redefining \Longleftarrow on input line 350.
LaTeX Info: Redefining \longleftarrow on input line 351.
LaTeX Info: Redefining \longmapsto on input line 352.
LaTeX Info: Redefining \longleftrightarrow on input line 353.
LaTeX Info: Redefining \Longleftrightarrow on input line 354.
LaTeX Info: Redefining \cdots on input line 358.
LaTeX Info: Redefining \vdots on input line 361.
LaTeX Info: Redefining \ddots on input line 366.
)
(C:\Users\r\AppData\Roaming\MiKTeX\2.9\tex/latex/breqn\mathstyle.sty
Package: mathstyle 2017/01/27 0.98e Tracking mathstyle implicitly
LaTeX Info: Redefining \displaystyle on input line 93.
LaTeX Info: Redefining \textstyle on input line 95.
LaTeX Info: Redefining \scriptstyle on input line 97.
LaTeX Info: Redefining \scriptscriptstyle on input line 99.
LaTeX Info: Redefining \genfrac on input line 145.
))
\inf@bad=\count422
\maxint=\count423
\listwidth=\dimen364
\eqnumsep=\dimen365
\eqmargin=\dimen366
\eqlinespacing=\skip141
\eqlineskip=\skip142
\eqlineskiplimit=\dimen367
\eqbinoffset=\muskip18
\eqdelimoffset=\muskip19
\eqindentstep=\dimen368
\eqstyle=\toks58
\eqbreakdepth=\count424
\eqinterlinepenalty=\count425
\intereqpenalty=\count426
\intereqskip=\skip143
\prerelpenalty=\count427
\prebinoppenalty=\count428
\Dmedmuskip=\muskip20
\Dthickmuskip=\muskip21
\eqleftskip=\skip144
\eqrightskip=\skip145
\eq@vspan=\skip146
\eq@binoffset=\muskip22
\EQ@box=\box126
\EQ@copy=\box127
\EQ@numbox=\box128
\eq@wdNum=\dimen369
\GRP@numbox=\box129
\grp@wdNum=\dimen370
\eq@lines=\count429
\eq@curline=\count430
\eq@badness=\count431
\EQ@vims=\count432
\eq@dp=\dimen371
\eq@wdL=\dimen372
\eq@wdT=\dimen373
\eq@wdMin=\dimen374
\grp@wdL=\dimen375
\grp@wdR=\dimen376
\grp@wdT=\dimen377
\eq@wdRmax=\dimen378
\eq@firstht=\dimen379
\eq@wdCond=\dimen380
\eq@indentstep=\dimen381
\eq@linewidth=\dimen382
\grp@linewidth=\dimen383
\eq@hshift=\dimen384
\eq@given@sidespace=\dimen385
\mathindent=\dimen386
\eq@final@linecount=\count433
\eq@wdR=\dimen387
\EQ@continue=\toks59
\lr@level=\count434
\GRP@queue=\toks60
\GRP@box=\box130
\GRP@wholebox=\box131
\darraycolsep=\skip147
\cur@row=\count435
\cur@col=\count436
\conditionsep=\skip148
)
("C:\Program Files\MiKTeX 2.9\tex/latex/pdfpages\pdfpages.sty"
Package: pdfpages 2017/10/31 v0.5l Insert pages of external PDF documents (AM)

(C:\Users\r\AppData\Roaming\MiKTeX\2.9\tex/latex/eso-pic\eso-pic.sty
Package: eso-pic 2018/04/12 v2.0h eso-pic (RN)
)
\AM@pagewidth=\dimen388
\AM@pageheight=\dimen389

("C:\Program Files\MiKTeX 2.9\tex/latex/pdfpages\pppdftex.def"
File: pppdftex.def 2017/10/31 v0.5l Pdfpages driver for pdfTeX (AM)
)
\AM@pagebox=\box132
\AM@global@opts=\toks61
\AM@toc@title=\toks62
\c@AM@survey=\count437
\AM@templatesizebox=\box133
)
("C:\Program Files\MiKTeX 2.9\tex/latex/caption\caption.sty"
Package: caption 2018/10/06 v3.3-154 Customizing captions (AR)

("C:\Program Files\MiKTeX 2.9\tex/latex/caption\caption3.sty"
Package: caption3 2018/09/12 v1.8c caption3 kernel (AR)
Package caption3 Info: TeX engine: e-TeX on input line 64.
\captionmargin=\dimen390
\captionmargin@=\dimen391
\captionwidth=\dimen392
\caption@tempdima=\dimen393
\caption@indent=\dimen394
\caption@parindent=\dimen395
\caption@hangindent=\dimen396
)
\c@caption@flags=\count438
\c@ContinuedFloat=\count439
Package caption Info: float package is loaded.
Package caption Info: hyperref package is loaded.
Package caption Info: listings package is loaded.
Package caption Info: longtable package is loaded.

("C:\Program Files\MiKTeX 2.9\tex/latex/caption\ltcaption.sty"
Package: ltcaption 2018/08/26 v1.4-95 longtable captions (AR)
)
Package caption Info: supertabular package is loaded.
)
("C:\Program Files\MiKTeX 2.9\tex/latex/caption\subcaption.sty"
Package: subcaption 2018/05/01 v1.1-162 Sub-captions (AR)
\c@subfigure=\count440
\c@subtable=\count441
)
(C:\Users\r\AppData\Roaming\MiKTeX\2.9\tex/latex/titlesec\titlesec.sty
Package: titlesec 2016/03/21 v2.10.2 Sectioning titles
\ttl@box=\box134
\beforetitleunit=\skip149
\aftertitleunit=\skip150
\ttl@plus=\dimen397
\ttl@minus=\dimen398
\ttl@toksa=\toks63
\titlewidth=\dimen399
\titlewidthlast=\dimen400
\titlewidthfirst=\dimen401
)
(C:\Users\r\AppData\Roaming\MiKTeX\2.9\tex/latex/titlesec\titletoc.sty
Package: titletoc 2011/12/15 v1.6 TOC entries
\ttl@leftsep=\dimen402
)
("C:\Program Files\MiKTeX 2.9\tex/latex/tocbibind\tocbibind.sty"
Package: tocbibind 2010/10/13 v1.5k extra ToC listings
Package tocbibind Info: The document has chapter divisions on input line 50.


Package tocbibind Note: Using chapter style headings, unless overridden.

) ("C:\Program Files\MiKTeX 2.9\tex/latex/carlisle\remreset.sty"

Package remreset Warning: The remreset package is obsolete:
(remreset)                \@removefomresset is defined.

) ("C:\Program Files\MiKTeX 2.9\tex/latex/caption\newfloat.sty"
Package: newfloat 2018/03/04 v1.1a Defining new floating environments (AR)
)
Package newfloat Info: New float `sourcecode' with options `fileext=frm,listnam
e={List of Code},placement={!ht},name=Code' on input line 234.
\c@sourcecode=\count442
Package newfloat Info: float type `sourcecode'=4 on input line 234.
Package newfloat Info: \sourcecodename is already defined on input line 234.
\c@frmdepth=\count443
\c@subsourcecode=\count444

("C:\Program Files\MiKTeX 2.9\tex/latex/listings\lstlang1.sty"
File: lstlang1.sty 2018/09/02 1.7 listings language file
))
(H:\r\Desktop\TFG_original\book\book\build\main.aux

Package natbib Warning: Citation `PKS98' multiply defined.

)
\openout1 = `main.aux'.

LaTeX Font Info:    Checking defaults for OML/cmm/m/it on input line 35.
LaTeX Font Info:    ... okay on input line 35.
LaTeX Font Info:    Checking defaults for T1/cmr/m/n on input line 35.
LaTeX Font Info:    ... okay on input line 35.
LaTeX Font Info:    Checking defaults for OT1/cmr/m/n on input line 35.
LaTeX Font Info:    ... okay on input line 35.
LaTeX Font Info:    Checking defaults for OMS/cmsy/m/n on input line 35.
LaTeX Font Info:    ... okay on input line 35.
LaTeX Font Info:    Checking defaults for OMX/cmex/m/n on input line 35.
LaTeX Font Info:    ... okay on input line 35.
LaTeX Font Info:    Checking defaults for U/cmr/m/n on input line 35.
LaTeX Font Info:    ... okay on input line 35.
LaTeX Font Info:    Checking defaults for PD1/pdf/m/n on input line 35.
LaTeX Font Info:    ... okay on input line 35.
LaTeX Font Info:    Checking defaults for TS1/cmr/m/n on input line 35.
LaTeX Font Info:    Try loading font information for TS1+cmr on input line 35.
 ("C:\Program Files\MiKTeX 2.9\tex/latex/base\ts1cmr.fd"
File: ts1cmr.fd 2014/09/29 v2.5h Standard LaTeX font definitions
)
LaTeX Font Info:    ... okay on input line 35.
LaTeX Font Info:    Try loading font information for OT1+ppl on input line 35.

("C:\Program Files\MiKTeX 2.9\tex/latex/psnfss\ot1ppl.fd"
File: ot1ppl.fd 2001/06/04 font definitions for OT1/ppl.
)
*geometry* driver: auto-detecting
*geometry* detected driver: pdftex
*geometry* verbose mode - [ preamble ] result:
* driver: pdftex
* paper: a4paper
* layout: <same size as paper>
* layoutoffset:(h,v)=(0.0pt,0.0pt)
* modes: twoside 
* h-part:(L,W,R)=(72.26999pt, 452.9679pt, 72.26999pt)
* v-part:(T,H,B)=(72.26999pt, 700.50687pt, 72.26999pt)
* \paperwidth=597.50787pt
* \paperheight=845.04684pt
* \textwidth=452.9679pt
* \textheight=700.50687pt
* \oddsidemargin=0.0pt
* \evensidemargin=0.0pt
* \topmargin=-31.8738pt
* \headheight=12.0pt
* \headsep=19.8738pt
* \topskip=11.0pt
* \footskip=27.46295pt
* \marginparwidth=106.0pt
* \marginparsep=7.0pt
* \columnsep=10.0pt
* \skip\footins=10.0pt plus 4.0pt minus 2.0pt
* \hoffset=0.0pt
* \voffset=0.0pt
* \mag=1000
* \@twocolumnfalse
* \@twosidetrue
* \@mparswitchtrue
* \@reversemarginfalse
* (1in=72.27pt=25.4mm, 1cm=28.453pt)

(C:\Users\r\AppData\Roaming\MiKTeX\2.9\tex/context/base/mkii\supp-pdf.mkii
[Loading MPS to PDF converter (version 2006.09.02).]
\scratchcounter=\count445
\scratchdimen=\dimen403
\scratchbox=\box135
\nofMPsegments=\count446
\nofMParguments=\count447
\everyMPshowfont=\toks64
\MPscratchCnt=\count448
\MPscratchDim=\dimen404
\MPnumerator=\count449
\makeMPintoPDFobject=\count450
\everyMPtoPDFconversion=\toks65
) ("C:\Program Files\MiKTeX 2.9\tex/latex/oberdiek\epstopdf-base.sty"
Package: epstopdf-base 2016/05/15 v2.6 Base part for package epstopdf

("C:\Program Files\MiKTeX 2.9\tex/latex/oberdiek\grfext.sty"
Package: grfext 2016/05/16 v1.2 Manage graphics extensions (HO)
)
Package epstopdf-base Info: Redefining graphics rule for `.eps' on input line 4
38.
Package grfext Info: Graphics extension search list:
(grfext)             [.pdf,.png,.jpg,.mps,.jpeg,.jbig2,.jb2,.PDF,.PNG,.JPG,.JPE
G,.JBIG2,.JB2,.eps]
(grfext)             \AppendGraphicsExtensions on input line 456.
)
ABD: EveryShipout initializing macros
(C:\Users\r\AppData\Roaming\MiKTeX\2.9\tex/latex/translator\translator-basic-di
ctionary-English.dict
Dictionary: translator-basic-dictionary, Language: English 
)
(C:\Users\r\AppData\Roaming\MiKTeX\2.9\tex/latex/translator\translator-months-d
ictionary-English.dict
Dictionary: translator-months-dictionary, Language: English 
)
(C:\Users\r\AppData\Roaming\MiKTeX\2.9\tex/latex/glossaries-english\glossaries-
dictionary-English.dict
Dictionary: glossaries-dictionary, Language: English 
)
(C:\Users\r\AppData\Roaming\MiKTeX\2.9\tex/latex/siunitx\siunitx-abbreviations.
cfg
File: siunitx-abbreviations.cfg 2017/11/26 v2.7k siunitx: Abbreviated units
)

Package pgfplots Warning: running in backwards compatibility mode (unsuitable t
ick labels; missing features). Consider writing \pgfplotsset{compat=1.16} into 
your preamble.
 on input line 35.

\AtBeginShipoutBox=\box136
Package hyperref Info: Link coloring OFF on input line 35.
("C:\Program Files\MiKTeX 2.9\tex/latex/hyperref\nameref.sty"
Package: nameref 2016/05/21 v2.44 Cross-referencing by name of section

("C:\Program Files\MiKTeX 2.9\tex/generic/oberdiek\gettitlestring.sty"
Package: gettitlestring 2016/05/16 v1.5 Cleanup title references (HO)
)
\c@section@level=\count451
)
LaTeX Info: Redefining \ref on input line 35.
LaTeX Info: Redefining \pageref on input line 35.
LaTeX Info: Redefining \nameref on input line 35.

(H:\r\Desktop\TFG_original\book\book\build\main.out)
(H:\r\Desktop\TFG_original\book\book\build\main.out)
\@outlinefile=\write6
\openout6 = `main.out'.

\c@lstlisting=\count452
\symgns@font=\mathgroup9
LaTeX Font Info:    Overwriting symbol font `gns@font' in version `bold'
(Font)                  TS1/ppl/m/n --> TS1/ppl/bx/n on input line 35.
Package gensymb Info: Math companion symbols declared on input line 35.
LaTeX Info: Redefining \degree on input line 35.
LaTeX Info: Redefining \celsius on input line 35.
Package gensymb Info: Using text companion symbols for \degree, \celsius and \p
erthousand on input line 35.
LaTeX Info: Redefining \ohm on input line 35.
Package gensymb Info: Using \textohm for \ohm on input line 35.
LaTeX Info: Redefining \micro on input line 35.
Package gensymb Info: Using \textmu for \micro on input line 35.

Package chemgreek Info: Activating mapping `default' on line 35.


("C:\Program Files\MiKTeX 2.9\tex/latex/oberdiek\pdflscape.sty"
Package: pdflscape 2016/05/14 v0.11 Display of landscape pages in PDF (HO)

("C:\Program Files\MiKTeX 2.9\tex/latex/graphics\lscape.sty"
Package: lscape 2000/10/22 v3.01 Landscape Pages (DPC)
)
Package pdflscape Info: Auto-detected driver: pdftex on input line 81.
)
Package caption Info: Begin \AtBeginDocument code.
Package caption Info: End \AtBeginDocument code.
LaTeX Font Info:    Try loading font information for U+rsfs on input line 35.

("C:\Program Files\MiKTeX 2.9\tex/latex/jknappen\ursfs.fd"
File: ursfs.fd 1998/03/24 rsfs font definition file (jk)
)
LaTeX Font Info:    Try loading font information for U+msa on input line 35.

("C:\Program Files\MiKTeX 2.9\tex/latex/amsfonts\umsa.fd"
File: umsa.fd 2013/01/14 v3.01 AMS symbols A
)
LaTeX Font Info:    Try loading font information for U+msb on input line 35.

("C:\Program Files\MiKTeX 2.9\tex/latex/amsfonts\umsb.fd"
File: umsb.fd 2013/01/14 v3.01 AMS symbols B
)
LaTeX Font Info:    Try loading font information for U+lasy on input line 35.

("C:\Program Files\MiKTeX 2.9\tex/latex/base\ulasy.fd"
File: ulasy.fd 1998/08/17 v2.2e LaTeX symbol font definitions
)
LaTeX Font Info:    Try loading font information for U+esint on input line 35.

("C:\Program Files\MiKTeX 2.9\tex/latex/esint\uesint.fd"
File: uesint.fd 
)
LaTeX Font Info:    Try loading font information for TS1+ppl on input line 35.

("C:\Program Files\MiKTeX 2.9\tex/latex/psnfss\ts1ppl.fd"
File: ts1ppl.fd 2001/06/04 font definitions for TS1/ppl.
)
<resources/images/portrait-background.pdf, id=64, 597.55246pt x 845.07718pt>
File: resources/images/portrait-background.pdf Graphic file (type pdf)
<use resources/images/portrait-background.pdf>
Package pdftex.def Info: resources/images/portrait-background.pdf  used on inpu
t line 51.
(pdftex.def)             Requested size: 597.551pt x 845.04932pt.
<resources/images/portrait-logo.pdf, id=65, 374.91263pt x 229.22214pt>
File: resources/images/portrait-logo.pdf Graphic file (type pdf)
<use resources/images/portrait-logo.pdf>
Package pdftex.def Info: resources/images/portrait-logo.pdf  used on input line
 51.
(pdftex.def)             Requested size: 144.54pt x 88.37146pt.

Overfull \hbox (27.0321pt too wide) in paragraph at lines 51--51
| 
 []


Underfull \hbox (badness 10000) in paragraph at lines 51--51

 []

[1

\openout4 = `main.ist'.


{C:/Users/r/AppData/Local/MiKTeX/2.9/pdftex/config/pdftex.map} <./resources/ima
ges/portrait-background.pdf> <./resources/images/portrait-logo.pdf

pdfTeX warning: pdflatex (file ./resources/images/portrait-logo.pdf): PDF inclu
sion: multiple pdfs with page group included in a single page
>] [2

]
Underfull \hbox (badness 10000) in paragraph at lines 67--68

 []


Underfull \hbox (badness 10000) in paragraph at lines 69--70

 []


Underfull \hbox (badness 10000) in paragraph at lines 71--72

 []

<resources/images/signature.pdf, id=85, 70.61017pt x 63.23958pt>
File: resources/images/signature.pdf Graphic file (type pdf)
<use resources/images/signature.pdf>
Package pdftex.def Info: resources/images/signature.pdf  used on input line 74.

(pdftex.def)             Requested size: 72.26999pt x 64.7264pt.
[3 <./resources/images/signature.pdf>] [4

]
Overfull \hbox (0.3999pt too wide) in paragraph at lines 82--82
[]
 []

[5] [6

] [7

] [8

]
LaTeX Font Info:    Font shape `OT1/ppl/bx/n' in size <10.95> not available
(Font)              Font shape `OT1/ppl/b/n' tried instead on input line 101.

Overfull \hbox (0.3999pt too wide) in paragraph at lines 101--101
[]
 []


Underfull \hbox (badness 10000) in paragraph at lines 101--101

 []


Underfull \hbox (badness 10000) in paragraph at lines 101--101

 []

[9] [10

]
LaTeX Font Info:    Font shape `OT1/ppl/bx/n' in size <24.88> not available
(Font)              Font shape `OT1/ppl/b/n' tried instead on input line 108.
 (H:\r\Desktop\TFG_original\book\book\build\main.toc
LaTeX Font Info:    Font shape `OT1/ppl/bx/n' in size <12> not available
(Font)              Font shape `OT1/ppl/b/n' tried instead on input line 3.
LaTeX Font Info:    Font shape `OT1/ppl/bx/sc' in size <12> not available
(Font)              Font shape `OT1/ppl/b/sc' tried instead on input line 3.
)
\tf@toc=\write7
\openout7 = `main.toc'.



Package Fancyhdr Warning: \headheight is too small (12.0pt): 
Make it at least 14.06628pt.
We now make it that large for the rest of the document.
This may cause the page layout to be inconsistent, however.

[11

] [12

]
Overfull \hbox (0.3999pt too wide) in paragraph at lines 127--128
[]
 []

LaTeX Font Info:    Font shape `OT1/ppl/bx/n' in size <14.4> not available
(Font)              Font shape `OT1/ppl/b/n' tried instead on input line 129.

Underfull \hbox (badness 10000) in paragraph at lines 131--132

 []

LaTeX Font Info:    Try loading font information for OT1+phv on input line 133.

("C:\Program Files\MiKTeX 2.9\tex/latex/psnfss\ot1phv.fd"
File: ot1phv.fd 2001/06/04 scalable font definitions for OT1/phv.
)
Underfull \hbox (badness 10000) in paragraph at lines 133--134

 []

PGFPlots: reading {resources/data/sample-data.dat}
Missing character: There is no ; in font nullfont!
[1

] ("C:\Program Files\MiKTeX 2.9\tex/latex/listings\lstlang1.sty"
File: lstlang1.sty 2018/09/02 1.7 listings language file
)
LaTeX Font Info:    Try loading font information for OT1+pcr on input line 168.


("C:\Program Files\MiKTeX 2.9\tex/latex/psnfss\ot1pcr.fd"
File: ot1pcr.fd 2001/06/04 font definitions for OT1/pcr.
)
("C:\Program Files\MiKTeX 2.9\tex/latex/listings\lstlang1.sty"
File: lstlang1.sty 2018/09/02 1.7 listings language file
)
("C:\Program Files\MiKTeX 2.9\tex/latex/listings\lstmisc.sty"
File: lstmisc.sty 2018/09/02 1.7 (Carsten Heinz)
)
Package hyperref Info: bookmark level for unknown sourcecode defaults to 0 on i
nput line 188.

Overfull \hbox (9.02664pt too wide) in paragraph at lines 200--201
[]$\OT1/pcr/m/n/10.95 https : / / drive . google . com / open ? id = 10hjvBQ6CM
Q1LT _ o2a-[]sV4 _ vW-[]6zey3BU$[] 
 []

[2] (H:\r\Desktop\TFG_original\book\book\build\main.lot)
\tf@lot=\write8
\openout8 = `main.lot'.

 [3

] [4

]
(H:\r\Desktop\TFG_original\book\book\build\main.lof)
\tf@lof=\write9
\openout9 = `main.lof'.

 [5] [6

]
(H:\r\Desktop\TFG_original\book\book\build\main.frm)
\tf@frm=\write10
\openout10 = `main.frm'.

 [7] [8

]
(resources/bibliography.tex
Underfull \hbox (badness 10000) in paragraph at lines 251--1

 []


Underfull \hbox (badness 10000) in paragraph at lines 251--1

 []


Underfull \hbox (badness 10000) in paragraph at lines 251--1

 []


Underfull \hbox (badness 10000) in paragraph at lines 251--1

 []


Underfull \hbox (badness 10000) in paragraph at lines 251--1

 []


Underfull \hbox (badness 10000) in paragraph at lines 251--1

 []

[9] [10pdfTeX warning (ext4): destination with the same identifier (name{cite.P
KS98}) has been already used, duplicate ignored

\@EveryShipout@Output ...@Org@Shipout \box \@cclv 
                                                  
l.181 
      ]
Underfull \hbox (badness 10000) in paragraph at lines 211--214
[]\OT1/ppl/m/n/10.95 "\OT1/ppl/m/it/10.95 GUI pro-gram-ming frame-works\OT1/ppl
/m/n/10.95 " []$\OT1/pcr/m/n/10.95 https : / / wiki . python . org / moin /
 []


Underfull \hbox (badness 1946) in paragraph at lines 218--222
\OT1/ppl/m/n/10.95 BER 1995. Re-curso en l[]nea ([]$\OT1/pcr/m/n/10.95 https :
 / / ieeexplore . ieee . org / document /
 []

)

Package natbib Warning: There were multiply defined citations.


Package glossaries Warning: No \printglossary or \printglossaries found. 
(Remove \makeglossaries if you don't want any glossaries.) 
This document will not have a glossary.

[11]
Package atveryend Info: Empty hook `BeforeClearDocument' on input line 263.
Package atveryend Info: Empty hook `AfterLastShipout' on input line 263.
 (H:\r\Desktop\TFG_original\book\book\build\main.aux)
Package atveryend Info: Executing hook `AtVeryEndDocument' on input line 263.
Package atveryend Info: Executing hook `AtEndAfterFileList' on input line 263.
Package rerunfilecheck Info: File `main.out' has not changed.
(rerunfilecheck)             Checksum: 897135ED6F0F3FEB57B4DE4BFFC486D7;1008.
Package atveryend Info: Empty hook `AtVeryVeryEnd' on input line 263.
 ) 
Here is how much of TeX's memory you used:
 65007 strings out of 492946
 1483727 string characters out of 3135539
 2144336 words of memory out of 3000000
 67761 multiletter control sequences out of 15000+200000
 570622 words of font info for 132 fonts, out of 3000000 for 9000
 1141 hyphenation exceptions out of 8191
 64i,19n,103p,2017b,2623s stack positions out of 5000i,500n,10000p,200000b,50000s
{C:/Program Files/MiKTeX 2.9/fonts/enc/dvips/base/8r.enc}<C:/Program Files/Mi
KTeX 2.9/fonts/type1/public/amsfonts/cm/cmmi10.pfb><C:/Program Files/MiKTeX 2.9
/fonts/type1/public/amsfonts/cm/cmmi6.pfb><C:/Program Files/MiKTeX 2.9/fonts/ty
pe1/public/amsfonts/cm/cmmi9.pfb><C:/Program Files/MiKTeX 2.9/fonts/type1/publi
c/amsfonts/cm/cmr6.pfb><C:/Program Files/MiKTeX 2.9/fonts/type1/public/amsfonts
/cm/cmr9.pfb><C:/Program Files/MiKTeX 2.9/fonts/type1/public/amsfonts/cm/cmsy6.
pfb><C:/Program Files/MiKTeX 2.9/fonts/type1/public/amsfonts/cm/cmsy9.pfb><C:/P
rogram Files/MiKTeX 2.9/fonts/type1/urw/courier/ucrr8a.pfb><C:/Program Files/Mi
KTeX 2.9/fonts/type1/urw/helvetic/uhvr8a.pfb><C:/Program Files/MiKTeX 2.9/fonts
/type1/urw/palatino/uplb8a.pfb><C:/Program Files/MiKTeX 2.9/fonts/type1/urw/pal
atino/uplr8a.pfb><C:/Program Files/MiKTeX 2.9/fonts/type1/urw/palatino/uplri8a.
pfb>
Output written on H:\r\Desktop\TFG_original\book\book\build\main.pdf (23 pages,
 356942 bytes).
PDF statistics:
 346 PDF objects out of 1000 (max. 8388607)
 86 named destinations out of 1000 (max. 500000)
 156 words of extra memory for PDF output out of 10000 (max. 10000000)

